[2020-07-01 13:45:33] .ERROR: could not find driver (SQL: select * from ems_accounts) {"exception":"[object] (Illuminate\\Database\\QueryException(code: 0): could not find driver (SQL: select * from ems_accounts) at C:\\Developer Destination\\Applications\\DoIT-DataEmporium\\vendor\\laravel\\framework\\src\\Illuminate\\Database\\Connection.php:669)
[stacktrace]
#0 C:\\Developer Destination\\Applications\\DoIT-DataEmporium\\vendor\\laravel\\framework\\src\\Illuminate\\Database\\Connection.php(629): Illuminate\\Database\\Connection->runQueryCallback('select * from e...', Array, Object(Closure))
#1 C:\\Developer Destination\\Applications\\DoIT-DataEmporium\\vendor\\laravel\\framework\\src\\Illuminate\\Database\\Connection.php(338): Illuminate\\Database\\Connection->run('select * from e...', Array, Object(Closure))
#2 C:\\Developer Destination\\Applications\\DoIT-DataEmporium\\vendor\\laravel\\framework\\src\\Illuminate\\Database\\DatabaseManager.php(349): Illuminate\\Database\\Connection->select('select * from e...')
#3 C:\\Developer Destination\\Applications\\DoIT-DataEmporium\\vendor\\laravel\\framework\\src\\Illuminate\\Support\\Facades\\Facade.php(261): Illuminate\\Database\\DatabaseManager->__call('select', Array)
#4 C:\\Developer Destination\\Applications\\DoIT-DataEmporium\\app\\libraries\\ems_famis_sync\\EmsFamisSynchronizer.php(30): Illuminate\\Support\\Facades\\Facade::__callStatic('select', Array)
#5 C:\\Developer Destination\\Applications\\DoIT-DataEmporium\\app\\Console\\Commands\\SyncEmsFamis.php(42): App\\libraries\\ems_famis_sync\\EmsFamisSynchronizer->synchronize()
#6 [internal function]: App\\Console\\Commands\\SyncStarrezIrio->handle(Object(App\\libraries\\ems_famis_sync\\EmsFamisSynchronizer))
#7 C:\\Developer Destination\\Applications\\DoIT-DataEmporium\\vendor\\laravel\\framework\\src\\Illuminate\\Container\\BoundMethod.php(32): call_user_func_array(Array, Array)
#8 C:\\Developer Destination\\Applications\\DoIT-DataEmporium\\vendor\\laravel\\framework\\src\\Illuminate\\Container\\Util.php(37): Illuminate\\Container\\BoundMethod::Illuminate\\Container\\{closure}()
#9 C:\\Developer Destination\\Applications\\DoIT-DataEmporium\\vendor\\laravel\\framework\\src\\Illuminate\\Container\\BoundMethod.php(90): Illuminate\\Container\\Util::unwrapIfClosure(Object(Closure))
#10 C:\\Developer Destination\\Applications\\DoIT-DataEmporium\\vendor\\laravel\\framework\\src\\Illuminate\\Container\\BoundMethod.php(34): Illuminate\\Container\\BoundMethod::callBoundMethod(Object(Illuminate\\Foundation\\Application), Array, Object(Closure))
#11 C:\\Developer Destination\\Applications\\DoIT-DataEmporium\\vendor\\laravel\\framework\\src\\Illuminate\\Container\\Container.php(590): Illuminate\\Container\\BoundMethod::call(Object(Illuminate\\Foundation\\Application), Array, Array, NULL)
#12 C:\\Developer Destination\\Applications\\DoIT-DataEmporium\\vendor\\laravel\\framework\\src\\Illuminate\\Console\\Command.php(134): Illuminate\\Container\\Container->call(Array)
#13 C:\\Developer Destination\\Applications\\DoIT-DataEmporium\\vendor\\symfony\\console\\Command\\Command.php(255): Illuminate\\Console\\Command->execute(Object(Symfony\\Component\\Console\\Input\\ArgvInput), Object(Illuminate\\Console\\OutputStyle))
#14 C:\\Developer Destination\\Applications\\DoIT-DataEmporium\\vendor\\laravel\\framework\\src\\Illuminate\\Console\\Command.php(121): Symfony\\Component\\Console\\Command\\Command->run(Object(Symfony\\Component\\Console\\Input\\ArgvInput), Object(Illuminate\\Console\\OutputStyle))
#15 C:\\Developer Destination\\Applications\\DoIT-DataEmporium\\vendor\\symfony\\console\\Application.php(1000): Illuminate\\Console\\Command->run(Object(Symfony\\Component\\Console\\Input\\ArgvInput), Object(Symfony\\Component\\Console\\Output\\ConsoleOutput))
#16 C:\\Developer Destination\\Applications\\DoIT-DataEmporium\\vendor\\symfony\\console\\Application.php(271): Symfony\\Component\\Console\\Application->doRunCommand(Object(App\\Console\\Commands\\SyncStarrezIrio), Object(Symfony\\Component\\Console\\Input\\ArgvInput), Object(Symfony\\Component\\Console\\Output\\ConsoleOutput))
#17 C:\\Developer Destination\\Applications\\DoIT-DataEmporium\\vendor\\symfony\\console\\Application.php(147): Symfony\\Component\\Console\\Application->doRun(Object(Symfony\\Component\\Console\\Input\\ArgvInput), Object(Symfony\\Component\\Console\\Output\\ConsoleOutput))
#18 C:\\Developer Destination\\Applications\\DoIT-DataEmporium\\vendor\\laravel\\framework\\src\\Illuminate\\Console\\Application.php(93): Symfony\\Component\\Console\\Application->run(Object(Symfony\\Component\\Console\\Input\\ArgvInput), Object(Symfony\\Component\\Console\\Output\\ConsoleOutput))
#19 C:\\Developer Destination\\Applications\\DoIT-DataEmporium\\vendor\\laravel\\framework\\src\\Illuminate\\Foundation\\Console\\Kernel.php(131): Illuminate\\Console\\Application->run(Object(Symfony\\Component\\Console\\Input\\ArgvInput), Object(Symfony\\Component\\Console\\Output\\ConsoleOutput))
#20 C:\\Developer Destination\\Applications\\DoIT-DataEmporium\\artisan(37): Illuminate\\Foundation\\Console\\Kernel->handle(Object(Symfony\\Component\\Console\\Input\\ArgvInput), Object(Symfony\\Component\\Console\\Output\\ConsoleOutput))
#21 {main}

[previous exception] [object] (PDOException(code: 0): could not find driver at C:\\Developer Destination\\Applications\\DoIT-DataEmporium\\vendor\\laravel\\framework\\src\\Illuminate\\Database\\Connectors\\Connector.php:70)
[stacktrace]
#0 C:\\Developer Destination\\Applications\\DoIT-DataEmporium\\vendor\\laravel\\framework\\src\\Illuminate\\Database\\Connectors\\Connector.php(70): PDO->__construct('dblib:host=mssq...', 'EMS_FAMIS', 'ak4E9aFsWp5oI$H...', Array)
#1 C:\\Developer Destination\\Applications\\DoIT-DataEmporium\\vendor\\laravel\\framework\\src\\Illuminate\\Database\\Connectors\\Connector.php(46): Illuminate\\Database\\Connectors\\Connector->createPdoConnection('dblib:host=mssq...', 'EMS_FAMIS', 'ak4E9aFsWp5oI$H...', Array)
#2 C:\\Developer Destination\\Applications\\DoIT-DataEmporium\\vendor\\laravel\\framework\\src\\Illuminate\\Database\\Connectors\\SqlServerConnector.php(32): Illuminate\\Database\\Connectors\\Connector->createConnection('dblib:host=mssq...', Array, Array)
#3 C:\\Developer Destination\\Applications\\DoIT-DataEmporium\\vendor\\laravel\\framework\\src\\Illuminate\\Database\\Connectors\\ConnectionFactory.php(182): Illuminate\\Database\\Connectors\\SqlServerConnector->connect(Array)
#4 [internal function]: Illuminate\\Database\\Connectors\\ConnectionFactory->Illuminate\\Database\\Connectors\\{closure}()
#5 C:\\Developer Destination\\Applications\\DoIT-DataEmporium\\vendor\\laravel\\framework\\src\\Illuminate\\Database\\Connection.php(924): call_user_func(Object(Closure))
#6 C:\\Developer Destination\\Applications\\DoIT-DataEmporium\\vendor\\laravel\\framework\\src\\Illuminate\\Database\\Connection.php(959): Illuminate\\Database\\Connection->getPdo()
#7 C:\\Developer Destination\\Applications\\DoIT-DataEmporium\\vendor\\laravel\\framework\\src\\Illuminate\\Database\\Connection.php(404): Illuminate\\Database\\Connection->getReadPdo()
#8 C:\\Developer Destination\\Applications\\DoIT-DataEmporium\\vendor\\laravel\\framework\\src\\Illuminate\\Database\\Connection.php(330): Illuminate\\Database\\Connection->getPdoForSelect(true)
#9 C:\\Developer Destination\\Applications\\DoIT-DataEmporium\\vendor\\laravel\\framework\\src\\Illuminate\\Database\\Connection.php(662): Illuminate\\Database\\Connection->Illuminate\\Database\\{closure}('select * from e...', Array)
#10 C:\\Developer Destination\\Applications\\DoIT-DataEmporium\\vendor\\laravel\\framework\\src\\Illuminate\\Database\\Connection.php(629): Illuminate\\Database\\Connection->runQueryCallback('select * from e...', Array, Object(Closure))
#11 C:\\Developer Destination\\Applications\\DoIT-DataEmporium\\vendor\\laravel\\framework\\src\\Illuminate\\Database\\Connection.php(338): Illuminate\\Database\\Connection->run('select * from e...', Array, Object(Closure))
#12 C:\\Developer Destination\\Applications\\DoIT-DataEmporium\\vendor\\laravel\\framework\\src\\Illuminate\\Database\\DatabaseManager.php(349): Illuminate\\Database\\Connection->select('select * from e...')
#13 C:\\Developer Destination\\Applications\\DoIT-DataEmporium\\vendor\\laravel\\framework\\src\\Illuminate\\Support\\Facades\\Facade.php(261): Illuminate\\Database\\DatabaseManager->__call('select', Array)
#14 C:\\Developer Destination\\Applications\\DoIT-DataEmporium\\app\\libraries\\ems_famis_sync\\EmsFamisSynchronizer.php(30): Illuminate\\Support\\Facades\\Facade::__callStatic('select', Array)
#15 C:\\Developer Destination\\Applications\\DoIT-DataEmporium\\app\\Console\\Commands\\SyncEmsFamis.php(42): App\\libraries\\ems_famis_sync\\EmsFamisSynchronizer->synchronize()
#16 [internal function]: App\\Console\\Commands\\SyncStarrezIrio->handle(Object(App\\libraries\\ems_famis_sync\\EmsFamisSynchronizer))
#17 C:\\Developer Destination\\Applications\\DoIT-DataEmporium\\vendor\\laravel\\framework\\src\\Illuminate\\Container\\BoundMethod.php(32): call_user_func_array(Array, Array)
#18 C:\\Developer Destination\\Applications\\DoIT-DataEmporium\\vendor\\laravel\\framework\\src\\Illuminate\\Container\\Util.php(37): Illuminate\\Container\\BoundMethod::Illuminate\\Container\\{closure}()
#19 C:\\Developer Destination\\Applications\\DoIT-DataEmporium\\vendor\\laravel\\framework\\src\\Illuminate\\Container\\BoundMethod.php(90): Illuminate\\Container\\Util::unwrapIfClosure(Object(Closure))
#20 C:\\Developer Destination\\Applications\\DoIT-DataEmporium\\vendor\\laravel\\framework\\src\\Illuminate\\Container\\BoundMethod.php(34): Illuminate\\Container\\BoundMethod::callBoundMethod(Object(Illuminate\\Foundation\\Application), Array, Object(Closure))
#21 C:\\Developer Destination\\Applications\\DoIT-DataEmporium\\vendor\\laravel\\framework\\src\\Illuminate\\Container\\Container.php(590): Illuminate\\Container\\BoundMethod::call(Object(Illuminate\\Foundation\\Application), Array, Array, NULL)
#22 C:\\Developer Destination\\Applications\\DoIT-DataEmporium\\vendor\\laravel\\framework\\src\\Illuminate\\Console\\Command.php(134): Illuminate\\Container\\Container->call(Array)
#23 C:\\Developer Destination\\Applications\\DoIT-DataEmporium\\vendor\\symfony\\console\\Command\\Command.php(255): Illuminate\\Console\\Command->execute(Object(Symfony\\Component\\Console\\Input\\ArgvInput), Object(Illuminate\\Console\\OutputStyle))
#24 C:\\Developer Destination\\Applications\\DoIT-DataEmporium\\vendor\\laravel\\framework\\src\\Illuminate\\Console\\Command.php(121): Symfony\\Component\\Console\\Command\\Command->run(Object(Symfony\\Component\\Console\\Input\\ArgvInput), Object(Illuminate\\Console\\OutputStyle))
#25 C:\\Developer Destination\\Applications\\DoIT-DataEmporium\\vendor\\symfony\\console\\Application.php(1000): Illuminate\\Console\\Command->run(Object(Symfony\\Component\\Console\\Input\\ArgvInput), Object(Symfony\\Component\\Console\\Output\\ConsoleOutput))
#26 C:\\Developer Destination\\Applications\\DoIT-DataEmporium\\vendor\\symfony\\console\\Application.php(271): Symfony\\Component\\Console\\Application->doRunCommand(Object(App\\Console\\Commands\\SyncStarrezIrio), Object(Symfony\\Component\\Console\\Input\\ArgvInput), Object(Symfony\\Component\\Console\\Output\\ConsoleOutput))
#27 C:\\Developer Destination\\Applications\\DoIT-DataEmporium\\vendor\\symfony\\console\\Application.php(147): Symfony\\Component\\Console\\Application->doRun(Object(Symfony\\Component\\Console\\Input\\ArgvInput), Object(Symfony\\Component\\Console\\Output\\ConsoleOutput))
#28 C:\\Developer Destination\\Applications\\DoIT-DataEmporium\\vendor\\laravel\\framework\\src\\Illuminate\\Console\\Application.php(93): Symfony\\Component\\Console\\Application->run(Object(Symfony\\Component\\Console\\Input\\ArgvInput), Object(Symfony\\Component\\Console\\Output\\ConsoleOutput))
#29 C:\\Developer Destination\\Applications\\DoIT-DataEmporium\\vendor\\laravel\\framework\\src\\Illuminate\\Foundation\\Console\\Kernel.php(131): Illuminate\\Console\\Application->run(Object(Symfony\\Component\\Console\\Input\\ArgvInput), Object(Symfony\\Component\\Console\\Output\\ConsoleOutput))
#30 C:\\Developer Destination\\Applications\\DoIT-DataEmporium\\artisan(37): Illuminate\\Foundation\\Console\\Kernel->handle(Object(Symfony\\Component\\Console\\Input\\ArgvInput), Object(Symfony\\Component\\Console\\Output\\ConsoleOutput))
#31 {main}
"} 
[2020-07-01 13:48:38] .ERROR: could not find driver (SQL: select * from ems_accounts) {"exception":"[object] (Illuminate\\Database\\QueryException(code: 0): could not find driver (SQL: select * from ems_accounts) at C:\\Developer Destination\\Applications\\DoIT-DataEmporium\\vendor\\laravel\\framework\\src\\Illuminate\\Database\\Connection.php:669)
[stacktrace]
#0 C:\\Developer Destination\\Applications\\DoIT-DataEmporium\\vendor\\laravel\\framework\\src\\Illuminate\\Database\\Connection.php(629): Illuminate\\Database\\Connection->runQueryCallback('select * from e...', Array, Object(Closure))
#1 C:\\Developer Destination\\Applications\\DoIT-DataEmporium\\vendor\\laravel\\framework\\src\\Illuminate\\Database\\Connection.php(338): Illuminate\\Database\\Connection->run('select * from e...', Array, Object(Closure))
#2 C:\\Developer Destination\\Applications\\DoIT-DataEmporium\\vendor\\laravel\\framework\\src\\Illuminate\\Database\\DatabaseManager.php(349): Illuminate\\Database\\Connection->select('select * from e...')
#3 C:\\Developer Destination\\Applications\\DoIT-DataEmporium\\vendor\\laravel\\framework\\src\\Illuminate\\Support\\Facades\\Facade.php(261): Illuminate\\Database\\DatabaseManager->__call('select', Array)
#4 C:\\Developer Destination\\Applications\\DoIT-DataEmporium\\app\\libraries\\ems_famis_sync\\EmsFamisSynchronizer.php(30): Illuminate\\Support\\Facades\\Facade::__callStatic('select', Array)
#5 C:\\Developer Destination\\Applications\\DoIT-DataEmporium\\app\\Console\\Commands\\SyncEmsFamis.php(42): App\\libraries\\ems_famis_sync\\EmsFamisSynchronizer->synchronize()
#6 [internal function]: App\\Console\\Commands\\SyncStarrezIrio->handle(Object(App\\libraries\\ems_famis_sync\\EmsFamisSynchronizer))
#7 C:\\Developer Destination\\Applications\\DoIT-DataEmporium\\vendor\\laravel\\framework\\src\\Illuminate\\Container\\BoundMethod.php(32): call_user_func_array(Array, Array)
#8 C:\\Developer Destination\\Applications\\DoIT-DataEmporium\\vendor\\laravel\\framework\\src\\Illuminate\\Container\\Util.php(37): Illuminate\\Container\\BoundMethod::Illuminate\\Container\\{closure}()
#9 C:\\Developer Destination\\Applications\\DoIT-DataEmporium\\vendor\\laravel\\framework\\src\\Illuminate\\Container\\BoundMethod.php(90): Illuminate\\Container\\Util::unwrapIfClosure(Object(Closure))
#10 C:\\Developer Destination\\Applications\\DoIT-DataEmporium\\vendor\\laravel\\framework\\src\\Illuminate\\Container\\BoundMethod.php(34): Illuminate\\Container\\BoundMethod::callBoundMethod(Object(Illuminate\\Foundation\\Application), Array, Object(Closure))
#11 C:\\Developer Destination\\Applications\\DoIT-DataEmporium\\vendor\\laravel\\framework\\src\\Illuminate\\Container\\Container.php(590): Illuminate\\Container\\BoundMethod::call(Object(Illuminate\\Foundation\\Application), Array, Array, NULL)
#12 C:\\Developer Destination\\Applications\\DoIT-DataEmporium\\vendor\\laravel\\framework\\src\\Illuminate\\Console\\Command.php(134): Illuminate\\Container\\Container->call(Array)
#13 C:\\Developer Destination\\Applications\\DoIT-DataEmporium\\vendor\\symfony\\console\\Command\\Command.php(255): Illuminate\\Console\\Command->execute(Object(Symfony\\Component\\Console\\Input\\ArgvInput), Object(Illuminate\\Console\\OutputStyle))
#14 C:\\Developer Destination\\Applications\\DoIT-DataEmporium\\vendor\\laravel\\framework\\src\\Illuminate\\Console\\Command.php(121): Symfony\\Component\\Console\\Command\\Command->run(Object(Symfony\\Component\\Console\\Input\\ArgvInput), Object(Illuminate\\Console\\OutputStyle))
#15 C:\\Developer Destination\\Applications\\DoIT-DataEmporium\\vendor\\symfony\\console\\Application.php(1000): Illuminate\\Console\\Command->run(Object(Symfony\\Component\\Console\\Input\\ArgvInput), Object(Symfony\\Component\\Console\\Output\\ConsoleOutput))
#16 C:\\Developer Destination\\Applications\\DoIT-DataEmporium\\vendor\\symfony\\console\\Application.php(271): Symfony\\Component\\Console\\Application->doRunCommand(Object(App\\Console\\Commands\\SyncStarrezIrio), Object(Symfony\\Component\\Console\\Input\\ArgvInput), Object(Symfony\\Component\\Console\\Output\\ConsoleOutput))
#17 C:\\Developer Destination\\Applications\\DoIT-DataEmporium\\vendor\\symfony\\console\\Application.php(147): Symfony\\Component\\Console\\Application->doRun(Object(Symfony\\Component\\Console\\Input\\ArgvInput), Object(Symfony\\Component\\Console\\Output\\ConsoleOutput))
#18 C:\\Developer Destination\\Applications\\DoIT-DataEmporium\\vendor\\laravel\\framework\\src\\Illuminate\\Console\\Application.php(93): Symfony\\Component\\Console\\Application->run(Object(Symfony\\Component\\Console\\Input\\ArgvInput), Object(Symfony\\Component\\Console\\Output\\ConsoleOutput))
#19 C:\\Developer Destination\\Applications\\DoIT-DataEmporium\\vendor\\laravel\\framework\\src\\Illuminate\\Foundation\\Console\\Kernel.php(131): Illuminate\\Console\\Application->run(Object(Symfony\\Component\\Console\\Input\\ArgvInput), Object(Symfony\\Component\\Console\\Output\\ConsoleOutput))
#20 C:\\Developer Destination\\Applications\\DoIT-DataEmporium\\artisan(37): Illuminate\\Foundation\\Console\\Kernel->handle(Object(Symfony\\Component\\Console\\Input\\ArgvInput), Object(Symfony\\Component\\Console\\Output\\ConsoleOutput))
#21 {main}

[previous exception] [object] (PDOException(code: 0): could not find driver at C:\\Developer Destination\\Applications\\DoIT-DataEmporium\\vendor\\laravel\\framework\\src\\Illuminate\\Database\\Connectors\\Connector.php:70)
[stacktrace]
#0 C:\\Developer Destination\\Applications\\DoIT-DataEmporium\\vendor\\laravel\\framework\\src\\Illuminate\\Database\\Connectors\\Connector.php(70): PDO->__construct('dblib:host=mssq...', 'EMS_FAMIS', 'ak4E9aFsWp5oI$H...', Array)
#1 C:\\Developer Destination\\Applications\\DoIT-DataEmporium\\vendor\\laravel\\framework\\src\\Illuminate\\Database\\Connectors\\Connector.php(46): Illuminate\\Database\\Connectors\\Connector->createPdoConnection('dblib:host=mssq...', 'EMS_FAMIS', 'ak4E9aFsWp5oI$H...', Array)
#2 C:\\Developer Destination\\Applications\\DoIT-DataEmporium\\vendor\\laravel\\framework\\src\\Illuminate\\Database\\Connectors\\SqlServerConnector.php(32): Illuminate\\Database\\Connectors\\Connector->createConnection('dblib:host=mssq...', Array, Array)
#3 C:\\Developer Destination\\Applications\\DoIT-DataEmporium\\vendor\\laravel\\framework\\src\\Illuminate\\Database\\Connectors\\ConnectionFactory.php(182): Illuminate\\Database\\Connectors\\SqlServerConnector->connect(Array)
#4 [internal function]: Illuminate\\Database\\Connectors\\ConnectionFactory->Illuminate\\Database\\Connectors\\{closure}()
#5 C:\\Developer Destination\\Applications\\DoIT-DataEmporium\\vendor\\laravel\\framework\\src\\Illuminate\\Database\\Connection.php(924): call_user_func(Object(Closure))
#6 C:\\Developer Destination\\Applications\\DoIT-DataEmporium\\vendor\\laravel\\framework\\src\\Illuminate\\Database\\Connection.php(959): Illuminate\\Database\\Connection->getPdo()
#7 C:\\Developer Destination\\Applications\\DoIT-DataEmporium\\vendor\\laravel\\framework\\src\\Illuminate\\Database\\Connection.php(404): Illuminate\\Database\\Connection->getReadPdo()
#8 C:\\Developer Destination\\Applications\\DoIT-DataEmporium\\vendor\\laravel\\framework\\src\\Illuminate\\Database\\Connection.php(330): Illuminate\\Database\\Connection->getPdoForSelect(true)
#9 C:\\Developer Destination\\Applications\\DoIT-DataEmporium\\vendor\\laravel\\framework\\src\\Illuminate\\Database\\Connection.php(662): Illuminate\\Database\\Connection->Illuminate\\Database\\{closure}('select * from e...', Array)
#10 C:\\Developer Destination\\Applications\\DoIT-DataEmporium\\vendor\\laravel\\framework\\src\\Illuminate\\Database\\Connection.php(629): Illuminate\\Database\\Connection->runQueryCallback('select * from e...', Array, Object(Closure))
#11 C:\\Developer Destination\\Applications\\DoIT-DataEmporium\\vendor\\laravel\\framework\\src\\Illuminate\\Database\\Connection.php(338): Illuminate\\Database\\Connection->run('select * from e...', Array, Object(Closure))
#12 C:\\Developer Destination\\Applications\\DoIT-DataEmporium\\vendor\\laravel\\framework\\src\\Illuminate\\Database\\DatabaseManager.php(349): Illuminate\\Database\\Connection->select('select * from e...')
#13 C:\\Developer Destination\\Applications\\DoIT-DataEmporium\\vendor\\laravel\\framework\\src\\Illuminate\\Support\\Facades\\Facade.php(261): Illuminate\\Database\\DatabaseManager->__call('select', Array)
#14 C:\\Developer Destination\\Applications\\DoIT-DataEmporium\\app\\libraries\\ems_famis_sync\\EmsFamisSynchronizer.php(30): Illuminate\\Support\\Facades\\Facade::__callStatic('select', Array)
#15 C:\\Developer Destination\\Applications\\DoIT-DataEmporium\\app\\Console\\Commands\\SyncEmsFamis.php(42): App\\libraries\\ems_famis_sync\\EmsFamisSynchronizer->synchronize()
#16 [internal function]: App\\Console\\Commands\\SyncStarrezIrio->handle(Object(App\\libraries\\ems_famis_sync\\EmsFamisSynchronizer))
#17 C:\\Developer Destination\\Applications\\DoIT-DataEmporium\\vendor\\laravel\\framework\\src\\Illuminate\\Container\\BoundMethod.php(32): call_user_func_array(Array, Array)
#18 C:\\Developer Destination\\Applications\\DoIT-DataEmporium\\vendor\\laravel\\framework\\src\\Illuminate\\Container\\Util.php(37): Illuminate\\Container\\BoundMethod::Illuminate\\Container\\{closure}()
#19 C:\\Developer Destination\\Applications\\DoIT-DataEmporium\\vendor\\laravel\\framework\\src\\Illuminate\\Container\\BoundMethod.php(90): Illuminate\\Container\\Util::unwrapIfClosure(Object(Closure))
#20 C:\\Developer Destination\\Applications\\DoIT-DataEmporium\\vendor\\laravel\\framework\\src\\Illuminate\\Container\\BoundMethod.php(34): Illuminate\\Container\\BoundMethod::callBoundMethod(Object(Illuminate\\Foundation\\Application), Array, Object(Closure))
#21 C:\\Developer Destination\\Applications\\DoIT-DataEmporium\\vendor\\laravel\\framework\\src\\Illuminate\\Container\\Container.php(590): Illuminate\\Container\\BoundMethod::call(Object(Illuminate\\Foundation\\Application), Array, Array, NULL)
#22 C:\\Developer Destination\\Applications\\DoIT-DataEmporium\\vendor\\laravel\\framework\\src\\Illuminate\\Console\\Command.php(134): Illuminate\\Container\\Container->call(Array)
#23 C:\\Developer Destination\\Applications\\DoIT-DataEmporium\\vendor\\symfony\\console\\Command\\Command.php(255): Illuminate\\Console\\Command->execute(Object(Symfony\\Component\\Console\\Input\\ArgvInput), Object(Illuminate\\Console\\OutputStyle))
#24 C:\\Developer Destination\\Applications\\DoIT-DataEmporium\\vendor\\laravel\\framework\\src\\Illuminate\\Console\\Command.php(121): Symfony\\Component\\Console\\Command\\Command->run(Object(Symfony\\Component\\Console\\Input\\ArgvInput), Object(Illuminate\\Console\\OutputStyle))
#25 C:\\Developer Destination\\Applications\\DoIT-DataEmporium\\vendor\\symfony\\console\\Application.php(1000): Illuminate\\Console\\Command->run(Object(Symfony\\Component\\Console\\Input\\ArgvInput), Object(Symfony\\Component\\Console\\Output\\ConsoleOutput))
#26 C:\\Developer Destination\\Applications\\DoIT-DataEmporium\\vendor\\symfony\\console\\Application.php(271): Symfony\\Component\\Console\\Application->doRunCommand(Object(App\\Console\\Commands\\SyncStarrezIrio), Object(Symfony\\Component\\Console\\Input\\ArgvInput), Object(Symfony\\Component\\Console\\Output\\ConsoleOutput))
#27 C:\\Developer Destination\\Applications\\DoIT-DataEmporium\\vendor\\symfony\\console\\Application.php(147): Symfony\\Component\\Console\\Application->doRun(Object(Symfony\\Component\\Console\\Input\\ArgvInput), Object(Symfony\\Component\\Console\\Output\\ConsoleOutput))
#28 C:\\Developer Destination\\Applications\\DoIT-DataEmporium\\vendor\\laravel\\framework\\src\\Illuminate\\Console\\Application.php(93): Symfony\\Component\\Console\\Application->run(Object(Symfony\\Component\\Console\\Input\\ArgvInput), Object(Symfony\\Component\\Console\\Output\\ConsoleOutput))
#29 C:\\Developer Destination\\Applications\\DoIT-DataEmporium\\vendor\\laravel\\framework\\src\\Illuminate\\Foundation\\Console\\Kernel.php(131): Illuminate\\Console\\Application->run(Object(Symfony\\Component\\Console\\Input\\ArgvInput), Object(Symfony\\Component\\Console\\Output\\ConsoleOutput))
#30 C:\\Developer Destination\\Applications\\DoIT-DataEmporium\\artisan(37): Illuminate\\Foundation\\Console\\Kernel->handle(Object(Symfony\\Component\\Console\\Input\\ArgvInput), Object(Symfony\\Component\\Console\\Output\\ConsoleOutput))
#31 {main}
"} 
[2020-07-01 22:40:13] .ERROR: could not find driver (SQL: select * from ems_accounts) {"exception":"[object] (Illuminate\\Database\\QueryException(code: 0): could not find driver (SQL: select * from ems_accounts) at C:\\Developer Destination\\Applications\\DoIT-DataEmporium\\vendor\\laravel\\framework\\src\\Illuminate\\Database\\Connection.php:669)
[stacktrace]
#0 C:\\Developer Destination\\Applications\\DoIT-DataEmporium\\vendor\\laravel\\framework\\src\\Illuminate\\Database\\Connection.php(629): Illuminate\\Database\\Connection->runQueryCallback('select * from e...', Array, Object(Closure))
#1 C:\\Developer Destination\\Applications\\DoIT-DataEmporium\\vendor\\laravel\\framework\\src\\Illuminate\\Database\\Connection.php(338): Illuminate\\Database\\Connection->run('select * from e...', Array, Object(Closure))
#2 C:\\Developer Destination\\Applications\\DoIT-DataEmporium\\vendor\\laravel\\framework\\src\\Illuminate\\Database\\DatabaseManager.php(349): Illuminate\\Database\\Connection->select('select * from e...')
#3 C:\\Developer Destination\\Applications\\DoIT-DataEmporium\\vendor\\laravel\\framework\\src\\Illuminate\\Support\\Facades\\Facade.php(261): Illuminate\\Database\\DatabaseManager->__call('select', Array)
#4 C:\\Developer Destination\\Applications\\DoIT-DataEmporium\\app\\libraries\\ems_famis_sync\\EmsFamisSynchronizer.php(30): Illuminate\\Support\\Facades\\Facade::__callStatic('select', Array)
#5 C:\\Developer Destination\\Applications\\DoIT-DataEmporium\\app\\Console\\Commands\\SyncEmsFamis.php(42): App\\libraries\\ems_famis_sync\\EmsFamisSynchronizer->synchronize()
#6 [internal function]: App\\Console\\Commands\\SyncStarrezIrio->handle(Object(App\\libraries\\ems_famis_sync\\EmsFamisSynchronizer))
#7 C:\\Developer Destination\\Applications\\DoIT-DataEmporium\\vendor\\laravel\\framework\\src\\Illuminate\\Container\\BoundMethod.php(32): call_user_func_array(Array, Array)
#8 C:\\Developer Destination\\Applications\\DoIT-DataEmporium\\vendor\\laravel\\framework\\src\\Illuminate\\Container\\Util.php(37): Illuminate\\Container\\BoundMethod::Illuminate\\Container\\{closure}()
#9 C:\\Developer Destination\\Applications\\DoIT-DataEmporium\\vendor\\laravel\\framework\\src\\Illuminate\\Container\\BoundMethod.php(90): Illuminate\\Container\\Util::unwrapIfClosure(Object(Closure))
#10 C:\\Developer Destination\\Applications\\DoIT-DataEmporium\\vendor\\laravel\\framework\\src\\Illuminate\\Container\\BoundMethod.php(34): Illuminate\\Container\\BoundMethod::callBoundMethod(Object(Illuminate\\Foundation\\Application), Array, Object(Closure))
#11 C:\\Developer Destination\\Applications\\DoIT-DataEmporium\\vendor\\laravel\\framework\\src\\Illuminate\\Container\\Container.php(590): Illuminate\\Container\\BoundMethod::call(Object(Illuminate\\Foundation\\Application), Array, Array, NULL)
#12 C:\\Developer Destination\\Applications\\DoIT-DataEmporium\\vendor\\laravel\\framework\\src\\Illuminate\\Console\\Command.php(134): Illuminate\\Container\\Container->call(Array)
#13 C:\\Developer Destination\\Applications\\DoIT-DataEmporium\\vendor\\symfony\\console\\Command\\Command.php(255): Illuminate\\Console\\Command->execute(Object(Symfony\\Component\\Console\\Input\\ArgvInput), Object(Illuminate\\Console\\OutputStyle))
#14 C:\\Developer Destination\\Applications\\DoIT-DataEmporium\\vendor\\laravel\\framework\\src\\Illuminate\\Console\\Command.php(121): Symfony\\Component\\Console\\Command\\Command->run(Object(Symfony\\Component\\Console\\Input\\ArgvInput), Object(Illuminate\\Console\\OutputStyle))
#15 C:\\Developer Destination\\Applications\\DoIT-DataEmporium\\vendor\\symfony\\console\\Application.php(1000): Illuminate\\Console\\Command->run(Object(Symfony\\Component\\Console\\Input\\ArgvInput), Object(Symfony\\Component\\Console\\Output\\ConsoleOutput))
#16 C:\\Developer Destination\\Applications\\DoIT-DataEmporium\\vendor\\symfony\\console\\Application.php(271): Symfony\\Component\\Console\\Application->doRunCommand(Object(App\\Console\\Commands\\SyncStarrezIrio), Object(Symfony\\Component\\Console\\Input\\ArgvInput), Object(Symfony\\Component\\Console\\Output\\ConsoleOutput))
#17 C:\\Developer Destination\\Applications\\DoIT-DataEmporium\\vendor\\symfony\\console\\Application.php(147): Symfony\\Component\\Console\\Application->doRun(Object(Symfony\\Component\\Console\\Input\\ArgvInput), Object(Symfony\\Component\\Console\\Output\\ConsoleOutput))
#18 C:\\Developer Destination\\Applications\\DoIT-DataEmporium\\vendor\\laravel\\framework\\src\\Illuminate\\Console\\Application.php(93): Symfony\\Component\\Console\\Application->run(Object(Symfony\\Component\\Console\\Input\\ArgvInput), Object(Symfony\\Component\\Console\\Output\\ConsoleOutput))
#19 C:\\Developer Destination\\Applications\\DoIT-DataEmporium\\vendor\\laravel\\framework\\src\\Illuminate\\Foundation\\Console\\Kernel.php(131): Illuminate\\Console\\Application->run(Object(Symfony\\Component\\Console\\Input\\ArgvInput), Object(Symfony\\Component\\Console\\Output\\ConsoleOutput))
#20 C:\\Developer Destination\\Applications\\DoIT-DataEmporium\\artisan(37): Illuminate\\Foundation\\Console\\Kernel->handle(Object(Symfony\\Component\\Console\\Input\\ArgvInput), Object(Symfony\\Component\\Console\\Output\\ConsoleOutput))
#21 {main}

[previous exception] [object] (PDOException(code: 0): could not find driver at C:\\Developer Destination\\Applications\\DoIT-DataEmporium\\vendor\\laravel\\framework\\src\\Illuminate\\Database\\Connectors\\Connector.php:70)
[stacktrace]
#0 C:\\Developer Destination\\Applications\\DoIT-DataEmporium\\vendor\\laravel\\framework\\src\\Illuminate\\Database\\Connectors\\Connector.php(70): PDO->__construct('dblib:host=loca...', 'root', '', Array)
#1 C:\\Developer Destination\\Applications\\DoIT-DataEmporium\\vendor\\laravel\\framework\\src\\Illuminate\\Database\\Connectors\\Connector.php(46): Illuminate\\Database\\Connectors\\Connector->createPdoConnection('dblib:host=loca...', 'root', '', Array)
#2 C:\\Developer Destination\\Applications\\DoIT-DataEmporium\\vendor\\laravel\\framework\\src\\Illuminate\\Database\\Connectors\\SqlServerConnector.php(32): Illuminate\\Database\\Connectors\\Connector->createConnection('dblib:host=loca...', Array, Array)
#3 C:\\Developer Destination\\Applications\\DoIT-DataEmporium\\vendor\\laravel\\framework\\src\\Illuminate\\Database\\Connectors\\ConnectionFactory.php(182): Illuminate\\Database\\Connectors\\SqlServerConnector->connect(Array)
#4 [internal function]: Illuminate\\Database\\Connectors\\ConnectionFactory->Illuminate\\Database\\Connectors\\{closure}()
#5 C:\\Developer Destination\\Applications\\DoIT-DataEmporium\\vendor\\laravel\\framework\\src\\Illuminate\\Database\\Connection.php(924): call_user_func(Object(Closure))
#6 C:\\Developer Destination\\Applications\\DoIT-DataEmporium\\vendor\\laravel\\framework\\src\\Illuminate\\Database\\Connection.php(959): Illuminate\\Database\\Connection->getPdo()
#7 C:\\Developer Destination\\Applications\\DoIT-DataEmporium\\vendor\\laravel\\framework\\src\\Illuminate\\Database\\Connection.php(404): Illuminate\\Database\\Connection->getReadPdo()
#8 C:\\Developer Destination\\Applications\\DoIT-DataEmporium\\vendor\\laravel\\framework\\src\\Illuminate\\Database\\Connection.php(330): Illuminate\\Database\\Connection->getPdoForSelect(true)
#9 C:\\Developer Destination\\Applications\\DoIT-DataEmporium\\vendor\\laravel\\framework\\src\\Illuminate\\Database\\Connection.php(662): Illuminate\\Database\\Connection->Illuminate\\Database\\{closure}('select * from e...', Array)
#10 C:\\Developer Destination\\Applications\\DoIT-DataEmporium\\vendor\\laravel\\framework\\src\\Illuminate\\Database\\Connection.php(629): Illuminate\\Database\\Connection->runQueryCallback('select * from e...', Array, Object(Closure))
#11 C:\\Developer Destination\\Applications\\DoIT-DataEmporium\\vendor\\laravel\\framework\\src\\Illuminate\\Database\\Connection.php(338): Illuminate\\Database\\Connection->run('select * from e...', Array, Object(Closure))
#12 C:\\Developer Destination\\Applications\\DoIT-DataEmporium\\vendor\\laravel\\framework\\src\\Illuminate\\Database\\DatabaseManager.php(349): Illuminate\\Database\\Connection->select('select * from e...')
#13 C:\\Developer Destination\\Applications\\DoIT-DataEmporium\\vendor\\laravel\\framework\\src\\Illuminate\\Support\\Facades\\Facade.php(261): Illuminate\\Database\\DatabaseManager->__call('select', Array)
#14 C:\\Developer Destination\\Applications\\DoIT-DataEmporium\\app\\libraries\\ems_famis_sync\\EmsFamisSynchronizer.php(30): Illuminate\\Support\\Facades\\Facade::__callStatic('select', Array)
#15 C:\\Developer Destination\\Applications\\DoIT-DataEmporium\\app\\Console\\Commands\\SyncEmsFamis.php(42): App\\libraries\\ems_famis_sync\\EmsFamisSynchronizer->synchronize()
#16 [internal function]: App\\Console\\Commands\\SyncStarrezIrio->handle(Object(App\\libraries\\ems_famis_sync\\EmsFamisSynchronizer))
#17 C:\\Developer Destination\\Applications\\DoIT-DataEmporium\\vendor\\laravel\\framework\\src\\Illuminate\\Container\\BoundMethod.php(32): call_user_func_array(Array, Array)
#18 C:\\Developer Destination\\Applications\\DoIT-DataEmporium\\vendor\\laravel\\framework\\src\\Illuminate\\Container\\Util.php(37): Illuminate\\Container\\BoundMethod::Illuminate\\Container\\{closure}()
#19 C:\\Developer Destination\\Applications\\DoIT-DataEmporium\\vendor\\laravel\\framework\\src\\Illuminate\\Container\\BoundMethod.php(90): Illuminate\\Container\\Util::unwrapIfClosure(Object(Closure))
#20 C:\\Developer Destination\\Applications\\DoIT-DataEmporium\\vendor\\laravel\\framework\\src\\Illuminate\\Container\\BoundMethod.php(34): Illuminate\\Container\\BoundMethod::callBoundMethod(Object(Illuminate\\Foundation\\Application), Array, Object(Closure))
#21 C:\\Developer Destination\\Applications\\DoIT-DataEmporium\\vendor\\laravel\\framework\\src\\Illuminate\\Container\\Container.php(590): Illuminate\\Container\\BoundMethod::call(Object(Illuminate\\Foundation\\Application), Array, Array, NULL)
#22 C:\\Developer Destination\\Applications\\DoIT-DataEmporium\\vendor\\laravel\\framework\\src\\Illuminate\\Console\\Command.php(134): Illuminate\\Container\\Container->call(Array)
#23 C:\\Developer Destination\\Applications\\DoIT-DataEmporium\\vendor\\symfony\\console\\Command\\Command.php(255): Illuminate\\Console\\Command->execute(Object(Symfony\\Component\\Console\\Input\\ArgvInput), Object(Illuminate\\Console\\OutputStyle))
#24 C:\\Developer Destination\\Applications\\DoIT-DataEmporium\\vendor\\laravel\\framework\\src\\Illuminate\\Console\\Command.php(121): Symfony\\Component\\Console\\Command\\Command->run(Object(Symfony\\Component\\Console\\Input\\ArgvInput), Object(Illuminate\\Console\\OutputStyle))
#25 C:\\Developer Destination\\Applications\\DoIT-DataEmporium\\vendor\\symfony\\console\\Application.php(1000): Illuminate\\Console\\Command->run(Object(Symfony\\Component\\Console\\Input\\ArgvInput), Object(Symfony\\Component\\Console\\Output\\ConsoleOutput))
#26 C:\\Developer Destination\\Applications\\DoIT-DataEmporium\\vendor\\symfony\\console\\Application.php(271): Symfony\\Component\\Console\\Application->doRunCommand(Object(App\\Console\\Commands\\SyncStarrezIrio), Object(Symfony\\Component\\Console\\Input\\ArgvInput), Object(Symfony\\Component\\Console\\Output\\ConsoleOutput))
#27 C:\\Developer Destination\\Applications\\DoIT-DataEmporium\\vendor\\symfony\\console\\Application.php(147): Symfony\\Component\\Console\\Application->doRun(Object(Symfony\\Component\\Console\\Input\\ArgvInput), Object(Symfony\\Component\\Console\\Output\\ConsoleOutput))
#28 C:\\Developer Destination\\Applications\\DoIT-DataEmporium\\vendor\\laravel\\framework\\src\\Illuminate\\Console\\Application.php(93): Symfony\\Component\\Console\\Application->run(Object(Symfony\\Component\\Console\\Input\\ArgvInput), Object(Symfony\\Component\\Console\\Output\\ConsoleOutput))
#29 C:\\Developer Destination\\Applications\\DoIT-DataEmporium\\vendor\\laravel\\framework\\src\\Illuminate\\Foundation\\Console\\Kernel.php(131): Illuminate\\Console\\Application->run(Object(Symfony\\Component\\Console\\Input\\ArgvInput), Object(Symfony\\Component\\Console\\Output\\ConsoleOutput))
#30 C:\\Developer Destination\\Applications\\DoIT-DataEmporium\\artisan(37): Illuminate\\Foundation\\Console\\Kernel->handle(Object(Symfony\\Component\\Console\\Input\\ArgvInput), Object(Symfony\\Component\\Console\\Output\\ConsoleOutput))
#31 {main}
"} 
[2020-07-01 22:40:52] .ERROR: could not find driver (SQL: select * from sysobjects where type = 'U' and name = migrations) {"exception":"[object] (Illuminate\\Database\\QueryException(code: 0): could not find driver (SQL: select * from sysobjects where type = 'U' and name = migrations) at C:\\Developer Destination\\Applications\\DoIT-DataEmporium\\vendor\\laravel\\framework\\src\\Illuminate\\Database\\Connection.php:669)
[stacktrace]
#0 C:\\Developer Destination\\Applications\\DoIT-DataEmporium\\vendor\\laravel\\framework\\src\\Illuminate\\Database\\Connection.php(629): Illuminate\\Database\\Connection->runQueryCallback('select * from s...', Array, Object(Closure))
#1 C:\\Developer Destination\\Applications\\DoIT-DataEmporium\\vendor\\laravel\\framework\\src\\Illuminate\\Database\\Connection.php(338): Illuminate\\Database\\Connection->run('select * from s...', Array, Object(Closure))
#2 C:\\Developer Destination\\Applications\\DoIT-DataEmporium\\vendor\\laravel\\framework\\src\\Illuminate\\Database\\Connection.php(309): Illuminate\\Database\\Connection->select('select * from s...', Array, false)
#3 C:\\Developer Destination\\Applications\\DoIT-DataEmporium\\vendor\\laravel\\framework\\src\\Illuminate\\Database\\Schema\\Builder.php(75): Illuminate\\Database\\Connection->selectFromWriteConnection('select * from s...', Array)
#4 C:\\Developer Destination\\Applications\\DoIT-DataEmporium\\vendor\\laravel\\framework\\src\\Illuminate\\Database\\Migrations\\DatabaseMigrationRepository.php(169): Illuminate\\Database\\Schema\\Builder->hasTable('migrations')
#5 C:\\Developer Destination\\Applications\\DoIT-DataEmporium\\vendor\\laravel\\framework\\src\\Illuminate\\Database\\Migrations\\Migrator.php(590): Illuminate\\Database\\Migrations\\DatabaseMigrationRepository->repositoryExists()
#6 C:\\Developer Destination\\Applications\\DoIT-DataEmporium\\vendor\\laravel\\framework\\src\\Illuminate\\Database\\Console\\Migrations\\MigrateCommand.php(91): Illuminate\\Database\\Migrations\\Migrator->repositoryExists()
#7 C:\\Developer Destination\\Applications\\DoIT-DataEmporium\\vendor\\laravel\\framework\\src\\Illuminate\\Database\\Console\\Migrations\\MigrateCommand.php(63): Illuminate\\Database\\Console\\Migrations\\MigrateCommand->prepareDatabase()
#8 [internal function]: Illuminate\\Database\\Console\\Migrations\\MigrateCommand->handle()
#9 C:\\Developer Destination\\Applications\\DoIT-DataEmporium\\vendor\\laravel\\framework\\src\\Illuminate\\Container\\BoundMethod.php(32): call_user_func_array(Array, Array)
#10 C:\\Developer Destination\\Applications\\DoIT-DataEmporium\\vendor\\laravel\\framework\\src\\Illuminate\\Container\\Util.php(37): Illuminate\\Container\\BoundMethod::Illuminate\\Container\\{closure}()
#11 C:\\Developer Destination\\Applications\\DoIT-DataEmporium\\vendor\\laravel\\framework\\src\\Illuminate\\Container\\BoundMethod.php(90): Illuminate\\Container\\Util::unwrapIfClosure(Object(Closure))
#12 C:\\Developer Destination\\Applications\\DoIT-DataEmporium\\vendor\\laravel\\framework\\src\\Illuminate\\Container\\BoundMethod.php(34): Illuminate\\Container\\BoundMethod::callBoundMethod(Object(Illuminate\\Foundation\\Application), Array, Object(Closure))
#13 C:\\Developer Destination\\Applications\\DoIT-DataEmporium\\vendor\\laravel\\framework\\src\\Illuminate\\Container\\Container.php(590): Illuminate\\Container\\BoundMethod::call(Object(Illuminate\\Foundation\\Application), Array, Array, NULL)
#14 C:\\Developer Destination\\Applications\\DoIT-DataEmporium\\vendor\\laravel\\framework\\src\\Illuminate\\Console\\Command.php(134): Illuminate\\Container\\Container->call(Array)
#15 C:\\Developer Destination\\Applications\\DoIT-DataEmporium\\vendor\\symfony\\console\\Command\\Command.php(255): Illuminate\\Console\\Command->execute(Object(Symfony\\Component\\Console\\Input\\ArgvInput), Object(Illuminate\\Console\\OutputStyle))
#16 C:\\Developer Destination\\Applications\\DoIT-DataEmporium\\vendor\\laravel\\framework\\src\\Illuminate\\Console\\Command.php(121): Symfony\\Component\\Console\\Command\\Command->run(Object(Symfony\\Component\\Console\\Input\\ArgvInput), Object(Illuminate\\Console\\OutputStyle))
#17 C:\\Developer Destination\\Applications\\DoIT-DataEmporium\\vendor\\symfony\\console\\Application.php(1000): Illuminate\\Console\\Command->run(Object(Symfony\\Component\\Console\\Input\\ArgvInput), Object(Symfony\\Component\\Console\\Output\\ConsoleOutput))
#18 C:\\Developer Destination\\Applications\\DoIT-DataEmporium\\vendor\\symfony\\console\\Application.php(271): Symfony\\Component\\Console\\Application->doRunCommand(Object(Illuminate\\Database\\Console\\Migrations\\MigrateCommand), Object(Symfony\\Component\\Console\\Input\\ArgvInput), Object(Symfony\\Component\\Console\\Output\\ConsoleOutput))
#19 C:\\Developer Destination\\Applications\\DoIT-DataEmporium\\vendor\\symfony\\console\\Application.php(147): Symfony\\Component\\Console\\Application->doRun(Object(Symfony\\Component\\Console\\Input\\ArgvInput), Object(Symfony\\Component\\Console\\Output\\ConsoleOutput))
#20 C:\\Developer Destination\\Applications\\DoIT-DataEmporium\\vendor\\laravel\\framework\\src\\Illuminate\\Console\\Application.php(93): Symfony\\Component\\Console\\Application->run(Object(Symfony\\Component\\Console\\Input\\ArgvInput), Object(Symfony\\Component\\Console\\Output\\ConsoleOutput))
#21 C:\\Developer Destination\\Applications\\DoIT-DataEmporium\\vendor\\laravel\\framework\\src\\Illuminate\\Foundation\\Console\\Kernel.php(131): Illuminate\\Console\\Application->run(Object(Symfony\\Component\\Console\\Input\\ArgvInput), Object(Symfony\\Component\\Console\\Output\\ConsoleOutput))
#22 C:\\Developer Destination\\Applications\\DoIT-DataEmporium\\artisan(37): Illuminate\\Foundation\\Console\\Kernel->handle(Object(Symfony\\Component\\Console\\Input\\ArgvInput), Object(Symfony\\Component\\Console\\Output\\ConsoleOutput))
#23 {main}

[previous exception] [object] (PDOException(code: 0): could not find driver at C:\\Developer Destination\\Applications\\DoIT-DataEmporium\\vendor\\laravel\\framework\\src\\Illuminate\\Database\\Connectors\\Connector.php:70)
[stacktrace]
#0 C:\\Developer Destination\\Applications\\DoIT-DataEmporium\\vendor\\laravel\\framework\\src\\Illuminate\\Database\\Connectors\\Connector.php(70): PDO->__construct('dblib:host=loca...', 'root', '', Array)
#1 C:\\Developer Destination\\Applications\\DoIT-DataEmporium\\vendor\\laravel\\framework\\src\\Illuminate\\Database\\Connectors\\Connector.php(46): Illuminate\\Database\\Connectors\\Connector->createPdoConnection('dblib:host=loca...', 'root', '', Array)
#2 C:\\Developer Destination\\Applications\\DoIT-DataEmporium\\vendor\\laravel\\framework\\src\\Illuminate\\Database\\Connectors\\SqlServerConnector.php(32): Illuminate\\Database\\Connectors\\Connector->createConnection('dblib:host=loca...', Array, Array)
#3 C:\\Developer Destination\\Applications\\DoIT-DataEmporium\\vendor\\laravel\\framework\\src\\Illuminate\\Database\\Connectors\\ConnectionFactory.php(182): Illuminate\\Database\\Connectors\\SqlServerConnector->connect(Array)
#4 [internal function]: Illuminate\\Database\\Connectors\\ConnectionFactory->Illuminate\\Database\\Connectors\\{closure}()
#5 C:\\Developer Destination\\Applications\\DoIT-DataEmporium\\vendor\\laravel\\framework\\src\\Illuminate\\Database\\Connection.php(924): call_user_func(Object(Closure))
#6 C:\\Developer Destination\\Applications\\DoIT-DataEmporium\\vendor\\laravel\\framework\\src\\Illuminate\\Database\\Connection.php(404): Illuminate\\Database\\Connection->getPdo()
#7 C:\\Developer Destination\\Applications\\DoIT-DataEmporium\\vendor\\laravel\\framework\\src\\Illuminate\\Database\\Connection.php(330): Illuminate\\Database\\Connection->getPdoForSelect(false)
#8 C:\\Developer Destination\\Applications\\DoIT-DataEmporium\\vendor\\laravel\\framework\\src\\Illuminate\\Database\\Connection.php(662): Illuminate\\Database\\Connection->Illuminate\\Database\\{closure}('select * from s...', Array)
#9 C:\\Developer Destination\\Applications\\DoIT-DataEmporium\\vendor\\laravel\\framework\\src\\Illuminate\\Database\\Connection.php(629): Illuminate\\Database\\Connection->runQueryCallback('select * from s...', Array, Object(Closure))
#10 C:\\Developer Destination\\Applications\\DoIT-DataEmporium\\vendor\\laravel\\framework\\src\\Illuminate\\Database\\Connection.php(338): Illuminate\\Database\\Connection->run('select * from s...', Array, Object(Closure))
#11 C:\\Developer Destination\\Applications\\DoIT-DataEmporium\\vendor\\laravel\\framework\\src\\Illuminate\\Database\\Connection.php(309): Illuminate\\Database\\Connection->select('select * from s...', Array, false)
#12 C:\\Developer Destination\\Applications\\DoIT-DataEmporium\\vendor\\laravel\\framework\\src\\Illuminate\\Database\\Schema\\Builder.php(75): Illuminate\\Database\\Connection->selectFromWriteConnection('select * from s...', Array)
#13 C:\\Developer Destination\\Applications\\DoIT-DataEmporium\\vendor\\laravel\\framework\\src\\Illuminate\\Database\\Migrations\\DatabaseMigrationRepository.php(169): Illuminate\\Database\\Schema\\Builder->hasTable('migrations')
#14 C:\\Developer Destination\\Applications\\DoIT-DataEmporium\\vendor\\laravel\\framework\\src\\Illuminate\\Database\\Migrations\\Migrator.php(590): Illuminate\\Database\\Migrations\\DatabaseMigrationRepository->repositoryExists()
#15 C:\\Developer Destination\\Applications\\DoIT-DataEmporium\\vendor\\laravel\\framework\\src\\Illuminate\\Database\\Console\\Migrations\\MigrateCommand.php(91): Illuminate\\Database\\Migrations\\Migrator->repositoryExists()
#16 C:\\Developer Destination\\Applications\\DoIT-DataEmporium\\vendor\\laravel\\framework\\src\\Illuminate\\Database\\Console\\Migrations\\MigrateCommand.php(63): Illuminate\\Database\\Console\\Migrations\\MigrateCommand->prepareDatabase()
#17 [internal function]: Illuminate\\Database\\Console\\Migrations\\MigrateCommand->handle()
#18 C:\\Developer Destination\\Applications\\DoIT-DataEmporium\\vendor\\laravel\\framework\\src\\Illuminate\\Container\\BoundMethod.php(32): call_user_func_array(Array, Array)
#19 C:\\Developer Destination\\Applications\\DoIT-DataEmporium\\vendor\\laravel\\framework\\src\\Illuminate\\Container\\Util.php(37): Illuminate\\Container\\BoundMethod::Illuminate\\Container\\{closure}()
#20 C:\\Developer Destination\\Applications\\DoIT-DataEmporium\\vendor\\laravel\\framework\\src\\Illuminate\\Container\\BoundMethod.php(90): Illuminate\\Container\\Util::unwrapIfClosure(Object(Closure))
#21 C:\\Developer Destination\\Applications\\DoIT-DataEmporium\\vendor\\laravel\\framework\\src\\Illuminate\\Container\\BoundMethod.php(34): Illuminate\\Container\\BoundMethod::callBoundMethod(Object(Illuminate\\Foundation\\Application), Array, Object(Closure))
#22 C:\\Developer Destination\\Applications\\DoIT-DataEmporium\\vendor\\laravel\\framework\\src\\Illuminate\\Container\\Container.php(590): Illuminate\\Container\\BoundMethod::call(Object(Illuminate\\Foundation\\Application), Array, Array, NULL)
#23 C:\\Developer Destination\\Applications\\DoIT-DataEmporium\\vendor\\laravel\\framework\\src\\Illuminate\\Console\\Command.php(134): Illuminate\\Container\\Container->call(Array)
#24 C:\\Developer Destination\\Applications\\DoIT-DataEmporium\\vendor\\symfony\\console\\Command\\Command.php(255): Illuminate\\Console\\Command->execute(Object(Symfony\\Component\\Console\\Input\\ArgvInput), Object(Illuminate\\Console\\OutputStyle))
#25 C:\\Developer Destination\\Applications\\DoIT-DataEmporium\\vendor\\laravel\\framework\\src\\Illuminate\\Console\\Command.php(121): Symfony\\Component\\Console\\Command\\Command->run(Object(Symfony\\Component\\Console\\Input\\ArgvInput), Object(Illuminate\\Console\\OutputStyle))
#26 C:\\Developer Destination\\Applications\\DoIT-DataEmporium\\vendor\\symfony\\console\\Application.php(1000): Illuminate\\Console\\Command->run(Object(Symfony\\Component\\Console\\Input\\ArgvInput), Object(Symfony\\Component\\Console\\Output\\ConsoleOutput))
#27 C:\\Developer Destination\\Applications\\DoIT-DataEmporium\\vendor\\symfony\\console\\Application.php(271): Symfony\\Component\\Console\\Application->doRunCommand(Object(Illuminate\\Database\\Console\\Migrations\\MigrateCommand), Object(Symfony\\Component\\Console\\Input\\ArgvInput), Object(Symfony\\Component\\Console\\Output\\ConsoleOutput))
#28 C:\\Developer Destination\\Applications\\DoIT-DataEmporium\\vendor\\symfony\\console\\Application.php(147): Symfony\\Component\\Console\\Application->doRun(Object(Symfony\\Component\\Console\\Input\\ArgvInput), Object(Symfony\\Component\\Console\\Output\\ConsoleOutput))
#29 C:\\Developer Destination\\Applications\\DoIT-DataEmporium\\vendor\\laravel\\framework\\src\\Illuminate\\Console\\Application.php(93): Symfony\\Component\\Console\\Application->run(Object(Symfony\\Component\\Console\\Input\\ArgvInput), Object(Symfony\\Component\\Console\\Output\\ConsoleOutput))
#30 C:\\Developer Destination\\Applications\\DoIT-DataEmporium\\vendor\\laravel\\framework\\src\\Illuminate\\Foundation\\Console\\Kernel.php(131): Illuminate\\Console\\Application->run(Object(Symfony\\Component\\Console\\Input\\ArgvInput), Object(Symfony\\Component\\Console\\Output\\ConsoleOutput))
#31 C:\\Developer Destination\\Applications\\DoIT-DataEmporium\\artisan(37): Illuminate\\Foundation\\Console\\Kernel->handle(Object(Symfony\\Component\\Console\\Input\\ArgvInput), Object(Symfony\\Component\\Console\\Output\\ConsoleOutput))
#32 {main}
"} 
