[2020-07-14 13:21:42] .ERROR: syntax error, unexpected ';', expecting ')' {"exception":"[object] (Symfony\\Component\\Debug\\Exception\\FatalThrowableError(code: 0): syntax error, unexpected ';', expecting ')' at C:\\Developer Destination\\Applications\\DoIT-DataEmporium\\app\\libraries\\ems_famis_sync\\EmsFamisSynchronizer.php:150)
[stacktrace]
#0 C:\\Developer Destination\\Applications\\DoIT-DataEmporium\\vendor\\composer\\ClassLoader.php(322): Composer\\Autoload\\includeFile('C:\\\\Developer De...')
#1 [internal function]: Composer\\Autoload\\ClassLoader->loadClass('App\\\\libraries\\\\e...')
#2 [internal function]: spl_autoload_call('App\\\\libraries\\\\e...')
#3 C:\\Developer Destination\\Applications\\DoIT-DataEmporium\\vendor\\laravel\\framework\\src\\Illuminate\\Container\\Container.php(803): ReflectionClass->__construct('App\\\\libraries\\\\e...')
#4 C:\\Developer Destination\\Applications\\DoIT-DataEmporium\\vendor\\laravel\\framework\\src\\Illuminate\\Container\\Container.php(681): Illuminate\\Container\\Container->build('App\\\\libraries\\\\e...')
#5 C:\\Developer Destination\\Applications\\DoIT-DataEmporium\\vendor\\laravel\\framework\\src\\Illuminate\\Foundation\\Application.php(785): Illuminate\\Container\\Container->resolve('App\\\\libraries\\\\e...', Array, true)
#6 C:\\Developer Destination\\Applications\\DoIT-DataEmporium\\vendor\\laravel\\framework\\src\\Illuminate\\Container\\Container.php(629): Illuminate\\Foundation\\Application->resolve('App\\\\libraries\\\\e...', Array)
#7 C:\\Developer Destination\\Applications\\DoIT-DataEmporium\\vendor\\laravel\\framework\\src\\Illuminate\\Foundation\\Application.php(770): Illuminate\\Container\\Container->make('App\\\\libraries\\\\e...', Array)
#8 C:\\Developer Destination\\Applications\\DoIT-DataEmporium\\vendor\\laravel\\framework\\src\\Illuminate\\Container\\BoundMethod.php(170): Illuminate\\Foundation\\Application->make('App\\\\libraries\\\\e...')
#9 C:\\Developer Destination\\Applications\\DoIT-DataEmporium\\vendor\\laravel\\framework\\src\\Illuminate\\Container\\BoundMethod.php(121): Illuminate\\Container\\BoundMethod::addDependencyForCallParameter(Object(Illuminate\\Foundation\\Application), Object(ReflectionParameter), Array, Array)
#10 C:\\Developer Destination\\Applications\\DoIT-DataEmporium\\vendor\\laravel\\framework\\src\\Illuminate\\Container\\BoundMethod.php(32): Illuminate\\Container\\BoundMethod::getMethodDependencies(Object(Illuminate\\Foundation\\Application), Array, Array)
#11 C:\\Developer Destination\\Applications\\DoIT-DataEmporium\\vendor\\laravel\\framework\\src\\Illuminate\\Container\\Util.php(37): Illuminate\\Container\\BoundMethod::Illuminate\\Container\\{closure}()
#12 C:\\Developer Destination\\Applications\\DoIT-DataEmporium\\vendor\\laravel\\framework\\src\\Illuminate\\Container\\BoundMethod.php(90): Illuminate\\Container\\Util::unwrapIfClosure(Object(Closure))
#13 C:\\Developer Destination\\Applications\\DoIT-DataEmporium\\vendor\\laravel\\framework\\src\\Illuminate\\Container\\BoundMethod.php(34): Illuminate\\Container\\BoundMethod::callBoundMethod(Object(Illuminate\\Foundation\\Application), Array, Object(Closure))
#14 C:\\Developer Destination\\Applications\\DoIT-DataEmporium\\vendor\\laravel\\framework\\src\\Illuminate\\Container\\Container.php(590): Illuminate\\Container\\BoundMethod::call(Object(Illuminate\\Foundation\\Application), Array, Array, NULL)
#15 C:\\Developer Destination\\Applications\\DoIT-DataEmporium\\vendor\\laravel\\framework\\src\\Illuminate\\Console\\Command.php(134): Illuminate\\Container\\Container->call(Array)
#16 C:\\Developer Destination\\Applications\\DoIT-DataEmporium\\vendor\\symfony\\console\\Command\\Command.php(255): Illuminate\\Console\\Command->execute(Object(Symfony\\Component\\Console\\Input\\ArgvInput), Object(Illuminate\\Console\\OutputStyle))
#17 C:\\Developer Destination\\Applications\\DoIT-DataEmporium\\vendor\\laravel\\framework\\src\\Illuminate\\Console\\Command.php(121): Symfony\\Component\\Console\\Command\\Command->run(Object(Symfony\\Component\\Console\\Input\\ArgvInput), Object(Illuminate\\Console\\OutputStyle))
#18 C:\\Developer Destination\\Applications\\DoIT-DataEmporium\\vendor\\symfony\\console\\Application.php(1000): Illuminate\\Console\\Command->run(Object(Symfony\\Component\\Console\\Input\\ArgvInput), Object(Symfony\\Component\\Console\\Output\\ConsoleOutput))
#19 C:\\Developer Destination\\Applications\\DoIT-DataEmporium\\vendor\\symfony\\console\\Application.php(271): Symfony\\Component\\Console\\Application->doRunCommand(Object(App\\Console\\Commands\\SyncStarrezIrio), Object(Symfony\\Component\\Console\\Input\\ArgvInput), Object(Symfony\\Component\\Console\\Output\\ConsoleOutput))
#20 C:\\Developer Destination\\Applications\\DoIT-DataEmporium\\vendor\\symfony\\console\\Application.php(147): Symfony\\Component\\Console\\Application->doRun(Object(Symfony\\Component\\Console\\Input\\ArgvInput), Object(Symfony\\Component\\Console\\Output\\ConsoleOutput))
#21 C:\\Developer Destination\\Applications\\DoIT-DataEmporium\\vendor\\laravel\\framework\\src\\Illuminate\\Console\\Application.php(93): Symfony\\Component\\Console\\Application->run(Object(Symfony\\Component\\Console\\Input\\ArgvInput), Object(Symfony\\Component\\Console\\Output\\ConsoleOutput))
#22 C:\\Developer Destination\\Applications\\DoIT-DataEmporium\\vendor\\laravel\\framework\\src\\Illuminate\\Foundation\\Console\\Kernel.php(131): Illuminate\\Console\\Application->run(Object(Symfony\\Component\\Console\\Input\\ArgvInput), Object(Symfony\\Component\\Console\\Output\\ConsoleOutput))
#23 C:\\Developer Destination\\Applications\\DoIT-DataEmporium\\artisan(37): Illuminate\\Foundation\\Console\\Kernel->handle(Object(Symfony\\Component\\Console\\Input\\ArgvInput), Object(Symfony\\Component\\Console\\Output\\ConsoleOutput))
#24 {main}
"} 
[2020-07-14 18:03:36] .ERROR: key() expects exactly 1 parameter, 0 given {"exception":"[object] (ErrorException(code: 0): key() expects exactly 1 parameter, 0 given at C:\\Developer Destination\\Applications\\DoIT-DataEmporium\\app\\libraries\\ems_famis_sync\\EmsFamisSynchronizer.php:224)
[stacktrace]
#0 [internal function]: Illuminate\\Foundation\\Bootstrap\\HandleExceptions->handleError(2, 'key() expects e...', 'C:\\\\Developer De...', 224, Array)
#1 C:\\Developer Destination\\Applications\\DoIT-DataEmporium\\app\\libraries\\ems_famis_sync\\EmsFamisSynchronizer.php(224): key()
#2 C:\\Developer Destination\\Applications\\DoIT-DataEmporium\\app\\Console\\Commands\\SyncEmsFamis.php(42): App\\libraries\\ems_famis_sync\\EmsFamisSynchronizer->synchronize()
#3 [internal function]: App\\Console\\Commands\\SyncStarrezIrio->handle(Object(App\\libraries\\ems_famis_sync\\EmsFamisSynchronizer))
#4 C:\\Developer Destination\\Applications\\DoIT-DataEmporium\\vendor\\laravel\\framework\\src\\Illuminate\\Container\\BoundMethod.php(32): call_user_func_array(Array, Array)
#5 C:\\Developer Destination\\Applications\\DoIT-DataEmporium\\vendor\\laravel\\framework\\src\\Illuminate\\Container\\Util.php(37): Illuminate\\Container\\BoundMethod::Illuminate\\Container\\{closure}()
#6 C:\\Developer Destination\\Applications\\DoIT-DataEmporium\\vendor\\laravel\\framework\\src\\Illuminate\\Container\\BoundMethod.php(90): Illuminate\\Container\\Util::unwrapIfClosure(Object(Closure))
#7 C:\\Developer Destination\\Applications\\DoIT-DataEmporium\\vendor\\laravel\\framework\\src\\Illuminate\\Container\\BoundMethod.php(34): Illuminate\\Container\\BoundMethod::callBoundMethod(Object(Illuminate\\Foundation\\Application), Array, Object(Closure))
#8 C:\\Developer Destination\\Applications\\DoIT-DataEmporium\\vendor\\laravel\\framework\\src\\Illuminate\\Container\\Container.php(590): Illuminate\\Container\\BoundMethod::call(Object(Illuminate\\Foundation\\Application), Array, Array, NULL)
#9 C:\\Developer Destination\\Applications\\DoIT-DataEmporium\\vendor\\laravel\\framework\\src\\Illuminate\\Console\\Command.php(134): Illuminate\\Container\\Container->call(Array)
#10 C:\\Developer Destination\\Applications\\DoIT-DataEmporium\\vendor\\symfony\\console\\Command\\Command.php(255): Illuminate\\Console\\Command->execute(Object(Symfony\\Component\\Console\\Input\\ArgvInput), Object(Illuminate\\Console\\OutputStyle))
#11 C:\\Developer Destination\\Applications\\DoIT-DataEmporium\\vendor\\laravel\\framework\\src\\Illuminate\\Console\\Command.php(121): Symfony\\Component\\Console\\Command\\Command->run(Object(Symfony\\Component\\Console\\Input\\ArgvInput), Object(Illuminate\\Console\\OutputStyle))
#12 C:\\Developer Destination\\Applications\\DoIT-DataEmporium\\vendor\\symfony\\console\\Application.php(1000): Illuminate\\Console\\Command->run(Object(Symfony\\Component\\Console\\Input\\ArgvInput), Object(Symfony\\Component\\Console\\Output\\ConsoleOutput))
#13 C:\\Developer Destination\\Applications\\DoIT-DataEmporium\\vendor\\symfony\\console\\Application.php(271): Symfony\\Component\\Console\\Application->doRunCommand(Object(App\\Console\\Commands\\SyncStarrezIrio), Object(Symfony\\Component\\Console\\Input\\ArgvInput), Object(Symfony\\Component\\Console\\Output\\ConsoleOutput))
#14 C:\\Developer Destination\\Applications\\DoIT-DataEmporium\\vendor\\symfony\\console\\Application.php(147): Symfony\\Component\\Console\\Application->doRun(Object(Symfony\\Component\\Console\\Input\\ArgvInput), Object(Symfony\\Component\\Console\\Output\\ConsoleOutput))
#15 C:\\Developer Destination\\Applications\\DoIT-DataEmporium\\vendor\\laravel\\framework\\src\\Illuminate\\Console\\Application.php(93): Symfony\\Component\\Console\\Application->run(Object(Symfony\\Component\\Console\\Input\\ArgvInput), Object(Symfony\\Component\\Console\\Output\\ConsoleOutput))
#16 C:\\Developer Destination\\Applications\\DoIT-DataEmporium\\vendor\\laravel\\framework\\src\\Illuminate\\Foundation\\Console\\Kernel.php(131): Illuminate\\Console\\Application->run(Object(Symfony\\Component\\Console\\Input\\ArgvInput), Object(Symfony\\Component\\Console\\Output\\ConsoleOutput))
#17 C:\\Developer Destination\\Applications\\DoIT-DataEmporium\\artisan(37): Illuminate\\Foundation\\Console\\Kernel->handle(Object(Symfony\\Component\\Console\\Input\\ArgvInput), Object(Symfony\\Component\\Console\\Output\\ConsoleOutput))
#18 {main}
"} 
[2020-07-14 18:04:00] .ERROR: key() expects parameter 1 to be array, int given {"exception":"[object] (ErrorException(code: 0): key() expects parameter 1 to be array, int given at C:\\Developer Destination\\Applications\\DoIT-DataEmporium\\app\\libraries\\ems_famis_sync\\EmsFamisSynchronizer.php:224)
[stacktrace]
#0 [internal function]: Illuminate\\Foundation\\Bootstrap\\HandleExceptions->handleError(2, 'key() expects p...', 'C:\\\\Developer De...', 224, Array)
#1 C:\\Developer Destination\\Applications\\DoIT-DataEmporium\\app\\libraries\\ems_famis_sync\\EmsFamisSynchronizer.php(224): key(2110)
#2 C:\\Developer Destination\\Applications\\DoIT-DataEmporium\\app\\Console\\Commands\\SyncEmsFamis.php(42): App\\libraries\\ems_famis_sync\\EmsFamisSynchronizer->synchronize()
#3 [internal function]: App\\Console\\Commands\\SyncStarrezIrio->handle(Object(App\\libraries\\ems_famis_sync\\EmsFamisSynchronizer))
#4 C:\\Developer Destination\\Applications\\DoIT-DataEmporium\\vendor\\laravel\\framework\\src\\Illuminate\\Container\\BoundMethod.php(32): call_user_func_array(Array, Array)
#5 C:\\Developer Destination\\Applications\\DoIT-DataEmporium\\vendor\\laravel\\framework\\src\\Illuminate\\Container\\Util.php(37): Illuminate\\Container\\BoundMethod::Illuminate\\Container\\{closure}()
#6 C:\\Developer Destination\\Applications\\DoIT-DataEmporium\\vendor\\laravel\\framework\\src\\Illuminate\\Container\\BoundMethod.php(90): Illuminate\\Container\\Util::unwrapIfClosure(Object(Closure))
#7 C:\\Developer Destination\\Applications\\DoIT-DataEmporium\\vendor\\laravel\\framework\\src\\Illuminate\\Container\\BoundMethod.php(34): Illuminate\\Container\\BoundMethod::callBoundMethod(Object(Illuminate\\Foundation\\Application), Array, Object(Closure))
#8 C:\\Developer Destination\\Applications\\DoIT-DataEmporium\\vendor\\laravel\\framework\\src\\Illuminate\\Container\\Container.php(590): Illuminate\\Container\\BoundMethod::call(Object(Illuminate\\Foundation\\Application), Array, Array, NULL)
#9 C:\\Developer Destination\\Applications\\DoIT-DataEmporium\\vendor\\laravel\\framework\\src\\Illuminate\\Console\\Command.php(134): Illuminate\\Container\\Container->call(Array)
#10 C:\\Developer Destination\\Applications\\DoIT-DataEmporium\\vendor\\symfony\\console\\Command\\Command.php(255): Illuminate\\Console\\Command->execute(Object(Symfony\\Component\\Console\\Input\\ArgvInput), Object(Illuminate\\Console\\OutputStyle))
#11 C:\\Developer Destination\\Applications\\DoIT-DataEmporium\\vendor\\laravel\\framework\\src\\Illuminate\\Console\\Command.php(121): Symfony\\Component\\Console\\Command\\Command->run(Object(Symfony\\Component\\Console\\Input\\ArgvInput), Object(Illuminate\\Console\\OutputStyle))
#12 C:\\Developer Destination\\Applications\\DoIT-DataEmporium\\vendor\\symfony\\console\\Application.php(1000): Illuminate\\Console\\Command->run(Object(Symfony\\Component\\Console\\Input\\ArgvInput), Object(Symfony\\Component\\Console\\Output\\ConsoleOutput))
#13 C:\\Developer Destination\\Applications\\DoIT-DataEmporium\\vendor\\symfony\\console\\Application.php(271): Symfony\\Component\\Console\\Application->doRunCommand(Object(App\\Console\\Commands\\SyncStarrezIrio), Object(Symfony\\Component\\Console\\Input\\ArgvInput), Object(Symfony\\Component\\Console\\Output\\ConsoleOutput))
#14 C:\\Developer Destination\\Applications\\DoIT-DataEmporium\\vendor\\symfony\\console\\Application.php(147): Symfony\\Component\\Console\\Application->doRun(Object(Symfony\\Component\\Console\\Input\\ArgvInput), Object(Symfony\\Component\\Console\\Output\\ConsoleOutput))
#15 C:\\Developer Destination\\Applications\\DoIT-DataEmporium\\vendor\\laravel\\framework\\src\\Illuminate\\Console\\Application.php(93): Symfony\\Component\\Console\\Application->run(Object(Symfony\\Component\\Console\\Input\\ArgvInput), Object(Symfony\\Component\\Console\\Output\\ConsoleOutput))
#16 C:\\Developer Destination\\Applications\\DoIT-DataEmporium\\vendor\\laravel\\framework\\src\\Illuminate\\Foundation\\Console\\Kernel.php(131): Illuminate\\Console\\Application->run(Object(Symfony\\Component\\Console\\Input\\ArgvInput), Object(Symfony\\Component\\Console\\Output\\ConsoleOutput))
#17 C:\\Developer Destination\\Applications\\DoIT-DataEmporium\\artisan(37): Illuminate\\Foundation\\Console\\Kernel->handle(Object(Symfony\\Component\\Console\\Input\\ArgvInput), Object(Symfony\\Component\\Console\\Output\\ConsoleOutput))
#18 {main}
"} 
[2020-07-14 18:05:46] .ERROR: array_keys() expects at least 1 parameter, 0 given {"exception":"[object] (ErrorException(code: 0): array_keys() expects at least 1 parameter, 0 given at C:\\Developer Destination\\Applications\\DoIT-DataEmporium\\app\\libraries\\ems_famis_sync\\EmsFamisSynchronizer.php:224)
[stacktrace]
#0 [internal function]: Illuminate\\Foundation\\Bootstrap\\HandleExceptions->handleError(2, 'array_keys() ex...', 'C:\\\\Developer De...', 224, Array)
#1 C:\\Developer Destination\\Applications\\DoIT-DataEmporium\\app\\libraries\\ems_famis_sync\\EmsFamisSynchronizer.php(224): array_keys()
#2 C:\\Developer Destination\\Applications\\DoIT-DataEmporium\\app\\Console\\Commands\\SyncEmsFamis.php(42): App\\libraries\\ems_famis_sync\\EmsFamisSynchronizer->synchronize()
#3 [internal function]: App\\Console\\Commands\\SyncStarrezIrio->handle(Object(App\\libraries\\ems_famis_sync\\EmsFamisSynchronizer))
#4 C:\\Developer Destination\\Applications\\DoIT-DataEmporium\\vendor\\laravel\\framework\\src\\Illuminate\\Container\\BoundMethod.php(32): call_user_func_array(Array, Array)
#5 C:\\Developer Destination\\Applications\\DoIT-DataEmporium\\vendor\\laravel\\framework\\src\\Illuminate\\Container\\Util.php(37): Illuminate\\Container\\BoundMethod::Illuminate\\Container\\{closure}()
#6 C:\\Developer Destination\\Applications\\DoIT-DataEmporium\\vendor\\laravel\\framework\\src\\Illuminate\\Container\\BoundMethod.php(90): Illuminate\\Container\\Util::unwrapIfClosure(Object(Closure))
#7 C:\\Developer Destination\\Applications\\DoIT-DataEmporium\\vendor\\laravel\\framework\\src\\Illuminate\\Container\\BoundMethod.php(34): Illuminate\\Container\\BoundMethod::callBoundMethod(Object(Illuminate\\Foundation\\Application), Array, Object(Closure))
#8 C:\\Developer Destination\\Applications\\DoIT-DataEmporium\\vendor\\laravel\\framework\\src\\Illuminate\\Container\\Container.php(590): Illuminate\\Container\\BoundMethod::call(Object(Illuminate\\Foundation\\Application), Array, Array, NULL)
#9 C:\\Developer Destination\\Applications\\DoIT-DataEmporium\\vendor\\laravel\\framework\\src\\Illuminate\\Console\\Command.php(134): Illuminate\\Container\\Container->call(Array)
#10 C:\\Developer Destination\\Applications\\DoIT-DataEmporium\\vendor\\symfony\\console\\Command\\Command.php(255): Illuminate\\Console\\Command->execute(Object(Symfony\\Component\\Console\\Input\\ArgvInput), Object(Illuminate\\Console\\OutputStyle))
#11 C:\\Developer Destination\\Applications\\DoIT-DataEmporium\\vendor\\laravel\\framework\\src\\Illuminate\\Console\\Command.php(121): Symfony\\Component\\Console\\Command\\Command->run(Object(Symfony\\Component\\Console\\Input\\ArgvInput), Object(Illuminate\\Console\\OutputStyle))
#12 C:\\Developer Destination\\Applications\\DoIT-DataEmporium\\vendor\\symfony\\console\\Application.php(1000): Illuminate\\Console\\Command->run(Object(Symfony\\Component\\Console\\Input\\ArgvInput), Object(Symfony\\Component\\Console\\Output\\ConsoleOutput))
#13 C:\\Developer Destination\\Applications\\DoIT-DataEmporium\\vendor\\symfony\\console\\Application.php(271): Symfony\\Component\\Console\\Application->doRunCommand(Object(App\\Console\\Commands\\SyncStarrezIrio), Object(Symfony\\Component\\Console\\Input\\ArgvInput), Object(Symfony\\Component\\Console\\Output\\ConsoleOutput))
#14 C:\\Developer Destination\\Applications\\DoIT-DataEmporium\\vendor\\symfony\\console\\Application.php(147): Symfony\\Component\\Console\\Application->doRun(Object(Symfony\\Component\\Console\\Input\\ArgvInput), Object(Symfony\\Component\\Console\\Output\\ConsoleOutput))
#15 C:\\Developer Destination\\Applications\\DoIT-DataEmporium\\vendor\\laravel\\framework\\src\\Illuminate\\Console\\Application.php(93): Symfony\\Component\\Console\\Application->run(Object(Symfony\\Component\\Console\\Input\\ArgvInput), Object(Symfony\\Component\\Console\\Output\\ConsoleOutput))
#16 C:\\Developer Destination\\Applications\\DoIT-DataEmporium\\vendor\\laravel\\framework\\src\\Illuminate\\Foundation\\Console\\Kernel.php(131): Illuminate\\Console\\Application->run(Object(Symfony\\Component\\Console\\Input\\ArgvInput), Object(Symfony\\Component\\Console\\Output\\ConsoleOutput))
#17 C:\\Developer Destination\\Applications\\DoIT-DataEmporium\\artisan(37): Illuminate\\Foundation\\Console\\Kernel->handle(Object(Symfony\\Component\\Console\\Input\\ArgvInput), Object(Symfony\\Component\\Console\\Output\\ConsoleOutput))
#18 {main}
"} 
