[2020-07-13 13:11:05] .ERROR: Use of undefined constant buying_account_field_len - assumed 'buying_account_field_len' (this will throw an Error in a future version of PHP) {"exception":"[object] (ErrorException(code: 0): Use of undefined constant buying_account_field_len - assumed 'buying_account_field_len' (this will throw an Error in a future version of PHP) at C:\\Developer Destination\\Applications\\DoIT-DataEmporium\\app\\libraries\\ems_famis_sync\\EmsFamisSynchronizer.php:93)
[stacktrace]
#0 C:\\Developer Destination\\Applications\\DoIT-DataEmporium\\app\\libraries\\ems_famis_sync\\EmsFamisSynchronizer.php(93): Illuminate\\Foundation\\Bootstrap\\HandleExceptions->handleError(2, 'Use of undefine...', 'C:\\\\Developer De...', 93, Array)
#1 C:\\Developer Destination\\Applications\\DoIT-DataEmporium\\app\\Console\\Commands\\SyncEmsFamis.php(42): App\\libraries\\ems_famis_sync\\EmsFamisSynchronizer->synchronize()
#2 [internal function]: App\\Console\\Commands\\SyncStarrezIrio->handle(Object(App\\libraries\\ems_famis_sync\\EmsFamisSynchronizer))
#3 C:\\Developer Destination\\Applications\\DoIT-DataEmporium\\vendor\\laravel\\framework\\src\\Illuminate\\Container\\BoundMethod.php(32): call_user_func_array(Array, Array)
#4 C:\\Developer Destination\\Applications\\DoIT-DataEmporium\\vendor\\laravel\\framework\\src\\Illuminate\\Container\\Util.php(37): Illuminate\\Container\\BoundMethod::Illuminate\\Container\\{closure}()
#5 C:\\Developer Destination\\Applications\\DoIT-DataEmporium\\vendor\\laravel\\framework\\src\\Illuminate\\Container\\BoundMethod.php(90): Illuminate\\Container\\Util::unwrapIfClosure(Object(Closure))
#6 C:\\Developer Destination\\Applications\\DoIT-DataEmporium\\vendor\\laravel\\framework\\src\\Illuminate\\Container\\BoundMethod.php(34): Illuminate\\Container\\BoundMethod::callBoundMethod(Object(Illuminate\\Foundation\\Application), Array, Object(Closure))
#7 C:\\Developer Destination\\Applications\\DoIT-DataEmporium\\vendor\\laravel\\framework\\src\\Illuminate\\Container\\Container.php(590): Illuminate\\Container\\BoundMethod::call(Object(Illuminate\\Foundation\\Application), Array, Array, NULL)
#8 C:\\Developer Destination\\Applications\\DoIT-DataEmporium\\vendor\\laravel\\framework\\src\\Illuminate\\Console\\Command.php(134): Illuminate\\Container\\Container->call(Array)
#9 C:\\Developer Destination\\Applications\\DoIT-DataEmporium\\vendor\\symfony\\console\\Command\\Command.php(255): Illuminate\\Console\\Command->execute(Object(Symfony\\Component\\Console\\Input\\ArgvInput), Object(Illuminate\\Console\\OutputStyle))
#10 C:\\Developer Destination\\Applications\\DoIT-DataEmporium\\vendor\\laravel\\framework\\src\\Illuminate\\Console\\Command.php(121): Symfony\\Component\\Console\\Command\\Command->run(Object(Symfony\\Component\\Console\\Input\\ArgvInput), Object(Illuminate\\Console\\OutputStyle))
#11 C:\\Developer Destination\\Applications\\DoIT-DataEmporium\\vendor\\symfony\\console\\Application.php(1000): Illuminate\\Console\\Command->run(Object(Symfony\\Component\\Console\\Input\\ArgvInput), Object(Symfony\\Component\\Console\\Output\\ConsoleOutput))
#12 C:\\Developer Destination\\Applications\\DoIT-DataEmporium\\vendor\\symfony\\console\\Application.php(271): Symfony\\Component\\Console\\Application->doRunCommand(Object(App\\Console\\Commands\\SyncStarrezIrio), Object(Symfony\\Component\\Console\\Input\\ArgvInput), Object(Symfony\\Component\\Console\\Output\\ConsoleOutput))
#13 C:\\Developer Destination\\Applications\\DoIT-DataEmporium\\vendor\\symfony\\console\\Application.php(147): Symfony\\Component\\Console\\Application->doRun(Object(Symfony\\Component\\Console\\Input\\ArgvInput), Object(Symfony\\Component\\Console\\Output\\ConsoleOutput))
#14 C:\\Developer Destination\\Applications\\DoIT-DataEmporium\\vendor\\laravel\\framework\\src\\Illuminate\\Console\\Application.php(93): Symfony\\Component\\Console\\Application->run(Object(Symfony\\Component\\Console\\Input\\ArgvInput), Object(Symfony\\Component\\Console\\Output\\ConsoleOutput))
#15 C:\\Developer Destination\\Applications\\DoIT-DataEmporium\\vendor\\laravel\\framework\\src\\Illuminate\\Foundation\\Console\\Kernel.php(131): Illuminate\\Console\\Application->run(Object(Symfony\\Component\\Console\\Input\\ArgvInput), Object(Symfony\\Component\\Console\\Output\\ConsoleOutput))
#16 C:\\Developer Destination\\Applications\\DoIT-DataEmporium\\artisan(37): Illuminate\\Foundation\\Console\\Kernel->handle(Object(Symfony\\Component\\Console\\Input\\ArgvInput), Object(Symfony\\Component\\Console\\Output\\ConsoleOutput))
#17 {main}
"} 
