[2020-07-03 00:32:58] .ERROR: SQLSTATE[28000]: [Microsoft][ODBC Driver 13 for SQL Server][SQL Server]Login failed for user 'root'. (SQL: SELECT c.ID AS TaxID, a.* FROM tblCalculation c JOIN tblAccount a ON c.AccountID = a.ID) {"exception":"[object] (Illuminate\\Database\\QueryException(code: 28000): SQLSTATE[28000]: [Microsoft][ODBC Driver 13 for SQL Server][SQL Server]Login failed for user 'root'. (SQL: SELECT c.ID AS TaxID, a.* FROM tblCalculation c JOIN tblAccount a ON c.AccountID = a.ID) at C:\\Developer Destination\\Applications\\DoIT-DataEmporium\\vendor\\laravel\\framework\\src\\Illuminate\\Database\\Connection.php:669)
[stacktrace]
#0 C:\\Developer Destination\\Applications\\DoIT-DataEmporium\\vendor\\laravel\\framework\\src\\Illuminate\\Database\\Connection.php(629): Illuminate\\Database\\Connection->runQueryCallback('SELECT c.ID AS ...', Array, Object(Closure))
#1 C:\\Developer Destination\\Applications\\DoIT-DataEmporium\\vendor\\laravel\\framework\\src\\Illuminate\\Database\\Connection.php(338): Illuminate\\Database\\Connection->run('SELECT c.ID AS ...', Array, Object(Closure))
#2 C:\\Developer Destination\\Applications\\DoIT-DataEmporium\\vendor\\laravel\\framework\\src\\Illuminate\\Database\\DatabaseManager.php(349): Illuminate\\Database\\Connection->select('SELECT c.ID AS ...')
#3 C:\\Developer Destination\\Applications\\DoIT-DataEmporium\\vendor\\laravel\\framework\\src\\Illuminate\\Support\\Facades\\Facade.php(261): Illuminate\\Database\\DatabaseManager->__call('select', Array)
#4 C:\\Developer Destination\\Applications\\DoIT-DataEmporium\\app\\libraries\\ems_famis_sync\\EmsFamisSynchronizer.php(66): Illuminate\\Support\\Facades\\Facade::__callStatic('select', Array)
#5 C:\\Developer Destination\\Applications\\DoIT-DataEmporium\\app\\Console\\Commands\\SyncEmsFamis.php(42): App\\libraries\\ems_famis_sync\\EmsFamisSynchronizer->synchronize()
#6 [internal function]: App\\Console\\Commands\\SyncStarrezIrio->handle(Object(App\\libraries\\ems_famis_sync\\EmsFamisSynchronizer))
#7 C:\\Developer Destination\\Applications\\DoIT-DataEmporium\\vendor\\laravel\\framework\\src\\Illuminate\\Container\\BoundMethod.php(32): call_user_func_array(Array, Array)
#8 C:\\Developer Destination\\Applications\\DoIT-DataEmporium\\vendor\\laravel\\framework\\src\\Illuminate\\Container\\Util.php(37): Illuminate\\Container\\BoundMethod::Illuminate\\Container\\{closure}()
#9 C:\\Developer Destination\\Applications\\DoIT-DataEmporium\\vendor\\laravel\\framework\\src\\Illuminate\\Container\\BoundMethod.php(90): Illuminate\\Container\\Util::unwrapIfClosure(Object(Closure))
#10 C:\\Developer Destination\\Applications\\DoIT-DataEmporium\\vendor\\laravel\\framework\\src\\Illuminate\\Container\\BoundMethod.php(34): Illuminate\\Container\\BoundMethod::callBoundMethod(Object(Illuminate\\Foundation\\Application), Array, Object(Closure))
#11 C:\\Developer Destination\\Applications\\DoIT-DataEmporium\\vendor\\laravel\\framework\\src\\Illuminate\\Container\\Container.php(590): Illuminate\\Container\\BoundMethod::call(Object(Illuminate\\Foundation\\Application), Array, Array, NULL)
#12 C:\\Developer Destination\\Applications\\DoIT-DataEmporium\\vendor\\laravel\\framework\\src\\Illuminate\\Console\\Command.php(134): Illuminate\\Container\\Container->call(Array)
#13 C:\\Developer Destination\\Applications\\DoIT-DataEmporium\\vendor\\symfony\\console\\Command\\Command.php(255): Illuminate\\Console\\Command->execute(Object(Symfony\\Component\\Console\\Input\\ArgvInput), Object(Illuminate\\Console\\OutputStyle))
#14 C:\\Developer Destination\\Applications\\DoIT-DataEmporium\\vendor\\laravel\\framework\\src\\Illuminate\\Console\\Command.php(121): Symfony\\Component\\Console\\Command\\Command->run(Object(Symfony\\Component\\Console\\Input\\ArgvInput), Object(Illuminate\\Console\\OutputStyle))
#15 C:\\Developer Destination\\Applications\\DoIT-DataEmporium\\vendor\\symfony\\console\\Application.php(1000): Illuminate\\Console\\Command->run(Object(Symfony\\Component\\Console\\Input\\ArgvInput), Object(Symfony\\Component\\Console\\Output\\ConsoleOutput))
#16 C:\\Developer Destination\\Applications\\DoIT-DataEmporium\\vendor\\symfony\\console\\Application.php(271): Symfony\\Component\\Console\\Application->doRunCommand(Object(App\\Console\\Commands\\SyncStarrezIrio), Object(Symfony\\Component\\Console\\Input\\ArgvInput), Object(Symfony\\Component\\Console\\Output\\ConsoleOutput))
#17 C:\\Developer Destination\\Applications\\DoIT-DataEmporium\\vendor\\symfony\\console\\Application.php(147): Symfony\\Component\\Console\\Application->doRun(Object(Symfony\\Component\\Console\\Input\\ArgvInput), Object(Symfony\\Component\\Console\\Output\\ConsoleOutput))
#18 C:\\Developer Destination\\Applications\\DoIT-DataEmporium\\vendor\\laravel\\framework\\src\\Illuminate\\Console\\Application.php(93): Symfony\\Component\\Console\\Application->run(Object(Symfony\\Component\\Console\\Input\\ArgvInput), Object(Symfony\\Component\\Console\\Output\\ConsoleOutput))
#19 C:\\Developer Destination\\Applications\\DoIT-DataEmporium\\vendor\\laravel\\framework\\src\\Illuminate\\Foundation\\Console\\Kernel.php(131): Illuminate\\Console\\Application->run(Object(Symfony\\Component\\Console\\Input\\ArgvInput), Object(Symfony\\Component\\Console\\Output\\ConsoleOutput))
#20 C:\\Developer Destination\\Applications\\DoIT-DataEmporium\\artisan(37): Illuminate\\Foundation\\Console\\Kernel->handle(Object(Symfony\\Component\\Console\\Input\\ArgvInput), Object(Symfony\\Component\\Console\\Output\\ConsoleOutput))
#21 {main}

[previous exception] [object] (PDOException(code: 28000): SQLSTATE[28000]: [Microsoft][ODBC Driver 13 for SQL Server][SQL Server]Login failed for user 'root'. at C:\\Developer Destination\\Applications\\DoIT-DataEmporium\\vendor\\laravel\\framework\\src\\Illuminate\\Database\\Connectors\\Connector.php:70)
[stacktrace]
#0 C:\\Developer Destination\\Applications\\DoIT-DataEmporium\\vendor\\laravel\\framework\\src\\Illuminate\\Database\\Connectors\\Connector.php(70): PDO->__construct('sqlsrv:Server=l...', 'root', '', Array)
#1 C:\\Developer Destination\\Applications\\DoIT-DataEmporium\\vendor\\laravel\\framework\\src\\Illuminate\\Database\\Connectors\\Connector.php(46): Illuminate\\Database\\Connectors\\Connector->createPdoConnection('sqlsrv:Server=l...', 'root', '', Array)
#2 C:\\Developer Destination\\Applications\\DoIT-DataEmporium\\vendor\\laravel\\framework\\src\\Illuminate\\Database\\Connectors\\SqlServerConnector.php(32): Illuminate\\Database\\Connectors\\Connector->createConnection('sqlsrv:Server=l...', Array, Array)
#3 C:\\Developer Destination\\Applications\\DoIT-DataEmporium\\vendor\\laravel\\framework\\src\\Illuminate\\Database\\Connectors\\ConnectionFactory.php(182): Illuminate\\Database\\Connectors\\SqlServerConnector->connect(Array)
#4 [internal function]: Illuminate\\Database\\Connectors\\ConnectionFactory->Illuminate\\Database\\Connectors\\{closure}()
#5 C:\\Developer Destination\\Applications\\DoIT-DataEmporium\\vendor\\laravel\\framework\\src\\Illuminate\\Database\\Connection.php(924): call_user_func(Object(Closure))
#6 C:\\Developer Destination\\Applications\\DoIT-DataEmporium\\vendor\\laravel\\framework\\src\\Illuminate\\Database\\Connection.php(959): Illuminate\\Database\\Connection->getPdo()
#7 C:\\Developer Destination\\Applications\\DoIT-DataEmporium\\vendor\\laravel\\framework\\src\\Illuminate\\Database\\Connection.php(404): Illuminate\\Database\\Connection->getReadPdo()
#8 C:\\Developer Destination\\Applications\\DoIT-DataEmporium\\vendor\\laravel\\framework\\src\\Illuminate\\Database\\Connection.php(330): Illuminate\\Database\\Connection->getPdoForSelect(true)
#9 C:\\Developer Destination\\Applications\\DoIT-DataEmporium\\vendor\\laravel\\framework\\src\\Illuminate\\Database\\Connection.php(662): Illuminate\\Database\\Connection->Illuminate\\Database\\{closure}('SELECT c.ID AS ...', Array)
#10 C:\\Developer Destination\\Applications\\DoIT-DataEmporium\\vendor\\laravel\\framework\\src\\Illuminate\\Database\\Connection.php(629): Illuminate\\Database\\Connection->runQueryCallback('SELECT c.ID AS ...', Array, Object(Closure))
#11 C:\\Developer Destination\\Applications\\DoIT-DataEmporium\\vendor\\laravel\\framework\\src\\Illuminate\\Database\\Connection.php(338): Illuminate\\Database\\Connection->run('SELECT c.ID AS ...', Array, Object(Closure))
#12 C:\\Developer Destination\\Applications\\DoIT-DataEmporium\\vendor\\laravel\\framework\\src\\Illuminate\\Database\\DatabaseManager.php(349): Illuminate\\Database\\Connection->select('SELECT c.ID AS ...')
#13 C:\\Developer Destination\\Applications\\DoIT-DataEmporium\\vendor\\laravel\\framework\\src\\Illuminate\\Support\\Facades\\Facade.php(261): Illuminate\\Database\\DatabaseManager->__call('select', Array)
#14 C:\\Developer Destination\\Applications\\DoIT-DataEmporium\\app\\libraries\\ems_famis_sync\\EmsFamisSynchronizer.php(66): Illuminate\\Support\\Facades\\Facade::__callStatic('select', Array)
#15 C:\\Developer Destination\\Applications\\DoIT-DataEmporium\\app\\Console\\Commands\\SyncEmsFamis.php(42): App\\libraries\\ems_famis_sync\\EmsFamisSynchronizer->synchronize()
#16 [internal function]: App\\Console\\Commands\\SyncStarrezIrio->handle(Object(App\\libraries\\ems_famis_sync\\EmsFamisSynchronizer))
#17 C:\\Developer Destination\\Applications\\DoIT-DataEmporium\\vendor\\laravel\\framework\\src\\Illuminate\\Container\\BoundMethod.php(32): call_user_func_array(Array, Array)
#18 C:\\Developer Destination\\Applications\\DoIT-DataEmporium\\vendor\\laravel\\framework\\src\\Illuminate\\Container\\Util.php(37): Illuminate\\Container\\BoundMethod::Illuminate\\Container\\{closure}()
#19 C:\\Developer Destination\\Applications\\DoIT-DataEmporium\\vendor\\laravel\\framework\\src\\Illuminate\\Container\\BoundMethod.php(90): Illuminate\\Container\\Util::unwrapIfClosure(Object(Closure))
#20 C:\\Developer Destination\\Applications\\DoIT-DataEmporium\\vendor\\laravel\\framework\\src\\Illuminate\\Container\\BoundMethod.php(34): Illuminate\\Container\\BoundMethod::callBoundMethod(Object(Illuminate\\Foundation\\Application), Array, Object(Closure))
#21 C:\\Developer Destination\\Applications\\DoIT-DataEmporium\\vendor\\laravel\\framework\\src\\Illuminate\\Container\\Container.php(590): Illuminate\\Container\\BoundMethod::call(Object(Illuminate\\Foundation\\Application), Array, Array, NULL)
#22 C:\\Developer Destination\\Applications\\DoIT-DataEmporium\\vendor\\laravel\\framework\\src\\Illuminate\\Console\\Command.php(134): Illuminate\\Container\\Container->call(Array)
#23 C:\\Developer Destination\\Applications\\DoIT-DataEmporium\\vendor\\symfony\\console\\Command\\Command.php(255): Illuminate\\Console\\Command->execute(Object(Symfony\\Component\\Console\\Input\\ArgvInput), Object(Illuminate\\Console\\OutputStyle))
#24 C:\\Developer Destination\\Applications\\DoIT-DataEmporium\\vendor\\laravel\\framework\\src\\Illuminate\\Console\\Command.php(121): Symfony\\Component\\Console\\Command\\Command->run(Object(Symfony\\Component\\Console\\Input\\ArgvInput), Object(Illuminate\\Console\\OutputStyle))
#25 C:\\Developer Destination\\Applications\\DoIT-DataEmporium\\vendor\\symfony\\console\\Application.php(1000): Illuminate\\Console\\Command->run(Object(Symfony\\Component\\Console\\Input\\ArgvInput), Object(Symfony\\Component\\Console\\Output\\ConsoleOutput))
#26 C:\\Developer Destination\\Applications\\DoIT-DataEmporium\\vendor\\symfony\\console\\Application.php(271): Symfony\\Component\\Console\\Application->doRunCommand(Object(App\\Console\\Commands\\SyncStarrezIrio), Object(Symfony\\Component\\Console\\Input\\ArgvInput), Object(Symfony\\Component\\Console\\Output\\ConsoleOutput))
#27 C:\\Developer Destination\\Applications\\DoIT-DataEmporium\\vendor\\symfony\\console\\Application.php(147): Symfony\\Component\\Console\\Application->doRun(Object(Symfony\\Component\\Console\\Input\\ArgvInput), Object(Symfony\\Component\\Console\\Output\\ConsoleOutput))
#28 C:\\Developer Destination\\Applications\\DoIT-DataEmporium\\vendor\\laravel\\framework\\src\\Illuminate\\Console\\Application.php(93): Symfony\\Component\\Console\\Application->run(Object(Symfony\\Component\\Console\\Input\\ArgvInput), Object(Symfony\\Component\\Console\\Output\\ConsoleOutput))
#29 C:\\Developer Destination\\Applications\\DoIT-DataEmporium\\vendor\\laravel\\framework\\src\\Illuminate\\Foundation\\Console\\Kernel.php(131): Illuminate\\Console\\Application->run(Object(Symfony\\Component\\Console\\Input\\ArgvInput), Object(Symfony\\Component\\Console\\Output\\ConsoleOutput))
#30 C:\\Developer Destination\\Applications\\DoIT-DataEmporium\\artisan(37): Illuminate\\Foundation\\Console\\Kernel->handle(Object(Symfony\\Component\\Console\\Input\\ArgvInput), Object(Symfony\\Component\\Console\\Output\\ConsoleOutput))
#31 {main}
"} 
[2020-07-03 11:01:24] .ERROR: Unsupported driver [pdo_sqlsrv] {"exception":"[object] (InvalidArgumentException(code: 0): Unsupported driver [pdo_sqlsrv] at C:\\Developer Destination\\Applications\\DoIT-DataEmporium\\vendor\\laravel\\framework\\src\\Illuminate\\Database\\Connectors\\ConnectionFactory.php:285)
[stacktrace]
#0 C:\\Developer Destination\\Applications\\DoIT-DataEmporium\\vendor\\laravel\\framework\\src\\Illuminate\\Database\\Connectors\\ConnectionFactory.php(76): Illuminate\\Database\\Connectors\\ConnectionFactory->createConnection('pdo_sqlsrv', Object(Closure), 'DoITAPI', '', Array)
#1 C:\\Developer Destination\\Applications\\DoIT-DataEmporium\\vendor\\laravel\\framework\\src\\Illuminate\\Database\\Connectors\\ConnectionFactory.php(50): Illuminate\\Database\\Connectors\\ConnectionFactory->createSingleConnection(Array)
#2 C:\\Developer Destination\\Applications\\DoIT-DataEmporium\\vendor\\laravel\\framework\\src\\Illuminate\\Database\\DatabaseManager.php(131): Illuminate\\Database\\Connectors\\ConnectionFactory->make(Array, 'sqlsrv')
#3 C:\\Developer Destination\\Applications\\DoIT-DataEmporium\\vendor\\laravel\\framework\\src\\Illuminate\\Database\\DatabaseManager.php(86): Illuminate\\Database\\DatabaseManager->makeConnection('sqlsrv')
#4 C:\\Developer Destination\\Applications\\DoIT-DataEmporium\\vendor\\laravel\\framework\\src\\Illuminate\\Database\\Migrations\\DatabaseMigrationRepository.php(199): Illuminate\\Database\\DatabaseManager->connection('sqlsrv')
#5 C:\\Developer Destination\\Applications\\DoIT-DataEmporium\\vendor\\laravel\\framework\\src\\Illuminate\\Database\\Migrations\\DatabaseMigrationRepository.php(167): Illuminate\\Database\\Migrations\\DatabaseMigrationRepository->getConnection()
#6 C:\\Developer Destination\\Applications\\DoIT-DataEmporium\\vendor\\laravel\\framework\\src\\Illuminate\\Database\\Migrations\\Migrator.php(590): Illuminate\\Database\\Migrations\\DatabaseMigrationRepository->repositoryExists()
#7 C:\\Developer Destination\\Applications\\DoIT-DataEmporium\\vendor\\laravel\\framework\\src\\Illuminate\\Database\\Console\\Migrations\\StatusCommand.php(54): Illuminate\\Database\\Migrations\\Migrator->repositoryExists()
#8 [internal function]: Illuminate\\Database\\Console\\Migrations\\StatusCommand->handle()
#9 C:\\Developer Destination\\Applications\\DoIT-DataEmporium\\vendor\\laravel\\framework\\src\\Illuminate\\Container\\BoundMethod.php(32): call_user_func_array(Array, Array)
#10 C:\\Developer Destination\\Applications\\DoIT-DataEmporium\\vendor\\laravel\\framework\\src\\Illuminate\\Container\\Util.php(37): Illuminate\\Container\\BoundMethod::Illuminate\\Container\\{closure}()
#11 C:\\Developer Destination\\Applications\\DoIT-DataEmporium\\vendor\\laravel\\framework\\src\\Illuminate\\Container\\BoundMethod.php(90): Illuminate\\Container\\Util::unwrapIfClosure(Object(Closure))
#12 C:\\Developer Destination\\Applications\\DoIT-DataEmporium\\vendor\\laravel\\framework\\src\\Illuminate\\Container\\BoundMethod.php(34): Illuminate\\Container\\BoundMethod::callBoundMethod(Object(Illuminate\\Foundation\\Application), Array, Object(Closure))
#13 C:\\Developer Destination\\Applications\\DoIT-DataEmporium\\vendor\\laravel\\framework\\src\\Illuminate\\Container\\Container.php(590): Illuminate\\Container\\BoundMethod::call(Object(Illuminate\\Foundation\\Application), Array, Array, NULL)
#14 C:\\Developer Destination\\Applications\\DoIT-DataEmporium\\vendor\\laravel\\framework\\src\\Illuminate\\Console\\Command.php(134): Illuminate\\Container\\Container->call(Array)
#15 C:\\Developer Destination\\Applications\\DoIT-DataEmporium\\vendor\\symfony\\console\\Command\\Command.php(255): Illuminate\\Console\\Command->execute(Object(Symfony\\Component\\Console\\Input\\ArgvInput), Object(Illuminate\\Console\\OutputStyle))
#16 C:\\Developer Destination\\Applications\\DoIT-DataEmporium\\vendor\\laravel\\framework\\src\\Illuminate\\Console\\Command.php(121): Symfony\\Component\\Console\\Command\\Command->run(Object(Symfony\\Component\\Console\\Input\\ArgvInput), Object(Illuminate\\Console\\OutputStyle))
#17 C:\\Developer Destination\\Applications\\DoIT-DataEmporium\\vendor\\symfony\\console\\Application.php(1000): Illuminate\\Console\\Command->run(Object(Symfony\\Component\\Console\\Input\\ArgvInput), Object(Symfony\\Component\\Console\\Output\\ConsoleOutput))
#18 C:\\Developer Destination\\Applications\\DoIT-DataEmporium\\vendor\\symfony\\console\\Application.php(271): Symfony\\Component\\Console\\Application->doRunCommand(Object(Illuminate\\Database\\Console\\Migrations\\StatusCommand), Object(Symfony\\Component\\Console\\Input\\ArgvInput), Object(Symfony\\Component\\Console\\Output\\ConsoleOutput))
#19 C:\\Developer Destination\\Applications\\DoIT-DataEmporium\\vendor\\symfony\\console\\Application.php(147): Symfony\\Component\\Console\\Application->doRun(Object(Symfony\\Component\\Console\\Input\\ArgvInput), Object(Symfony\\Component\\Console\\Output\\ConsoleOutput))
#20 C:\\Developer Destination\\Applications\\DoIT-DataEmporium\\vendor\\laravel\\framework\\src\\Illuminate\\Console\\Application.php(93): Symfony\\Component\\Console\\Application->run(Object(Symfony\\Component\\Console\\Input\\ArgvInput), Object(Symfony\\Component\\Console\\Output\\ConsoleOutput))
#21 C:\\Developer Destination\\Applications\\DoIT-DataEmporium\\vendor\\laravel\\framework\\src\\Illuminate\\Foundation\\Console\\Kernel.php(131): Illuminate\\Console\\Application->run(Object(Symfony\\Component\\Console\\Input\\ArgvInput), Object(Symfony\\Component\\Console\\Output\\ConsoleOutput))
#22 C:\\Developer Destination\\Applications\\DoIT-DataEmporium\\artisan(37): Illuminate\\Foundation\\Console\\Kernel->handle(Object(Symfony\\Component\\Console\\Input\\ArgvInput), Object(Symfony\\Component\\Console\\Output\\ConsoleOutput))
#23 {main}
"} 
[2020-07-03 11:47:19] .ERROR: SQLSTATE[42S01]: [Microsoft][ODBC Driver 13 for SQL Server][SQL Server]There is already an object named 'settings' in the database. (SQL: create table "settings" ("id" bigint identity primary key not null, "key" nvarchar(255) not null, "value" nvarchar(255) not null, "created_at" datetime null, "updated_at" datetime null)) {"exception":"[object] (Illuminate\\Database\\QueryException(code: 42S01): SQLSTATE[42S01]: [Microsoft][ODBC Driver 13 for SQL Server][SQL Server]There is already an object named 'settings' in the database. (SQL: create table \"settings\" (\"id\" bigint identity primary key not null, \"key\" nvarchar(255) not null, \"value\" nvarchar(255) not null, \"created_at\" datetime null, \"updated_at\" datetime null)) at C:\\Developer Destination\\Applications\\DoIT-DataEmporium\\vendor\\laravel\\framework\\src\\Illuminate\\Database\\Connection.php:669)
[stacktrace]
#0 C:\\Developer Destination\\Applications\\DoIT-DataEmporium\\vendor\\laravel\\framework\\src\\Illuminate\\Database\\Connection.php(629): Illuminate\\Database\\Connection->runQueryCallback('create table \"s...', Array, Object(Closure))
#1 C:\\Developer Destination\\Applications\\DoIT-DataEmporium\\vendor\\laravel\\framework\\src\\Illuminate\\Database\\Connection.php(464): Illuminate\\Database\\Connection->run('create table \"s...', Array, Object(Closure))
#2 C:\\Developer Destination\\Applications\\DoIT-DataEmporium\\vendor\\laravel\\framework\\src\\Illuminate\\Database\\Schema\\Blueprint.php(97): Illuminate\\Database\\Connection->statement('create table \"s...')
#3 C:\\Developer Destination\\Applications\\DoIT-DataEmporium\\vendor\\laravel\\framework\\src\\Illuminate\\Database\\Schema\\Builder.php(290): Illuminate\\Database\\Schema\\Blueprint->build(Object(Illuminate\\Database\\SqlServerConnection), Object(Illuminate\\Database\\Schema\\Grammars\\SqlServerGrammar))
#4 C:\\Developer Destination\\Applications\\DoIT-DataEmporium\\vendor\\laravel\\framework\\src\\Illuminate\\Database\\Schema\\Builder.php(167): Illuminate\\Database\\Schema\\Builder->build(Object(Illuminate\\Database\\Schema\\Blueprint))
#5 C:\\Developer Destination\\Applications\\DoIT-DataEmporium\\vendor\\laravel\\framework\\src\\Illuminate\\Support\\Facades\\Facade.php(261): Illuminate\\Database\\Schema\\Builder->create('settings', Object(Closure))
#6 C:\\Developer Destination\\Applications\\DoIT-DataEmporium\\database\\migrations\\2020_06_16_124601_create_settings_table.php(21): Illuminate\\Support\\Facades\\Facade::__callStatic('create', Array)
#7 C:\\Developer Destination\\Applications\\DoIT-DataEmporium\\vendor\\laravel\\framework\\src\\Illuminate\\Database\\Migrations\\Migrator.php(392): CreateSettingsTable->up()
#8 C:\\Developer Destination\\Applications\\DoIT-DataEmporium\\vendor\\laravel\\framework\\src\\Illuminate\\Database\\Concerns\\ManagesTransactions.php(29): Illuminate\\Database\\Migrations\\Migrator->Illuminate\\Database\\Migrations\\{closure}(Object(Illuminate\\Database\\SqlServerConnection))
#9 C:\\Developer Destination\\Applications\\DoIT-DataEmporium\\vendor\\laravel\\framework\\src\\Illuminate\\Database\\SqlServerConnection.php(29): Illuminate\\Database\\Connection->transaction(Object(Closure))
#10 C:\\Developer Destination\\Applications\\DoIT-DataEmporium\\vendor\\laravel\\framework\\src\\Illuminate\\Database\\Migrations\\Migrator.php(400): Illuminate\\Database\\SqlServerConnection->transaction(Object(Closure))
#11 C:\\Developer Destination\\Applications\\DoIT-DataEmporium\\vendor\\laravel\\framework\\src\\Illuminate\\Database\\Migrations\\Migrator.php(200): Illuminate\\Database\\Migrations\\Migrator->runMigration(Object(CreateSettingsTable), 'up')
#12 C:\\Developer Destination\\Applications\\DoIT-DataEmporium\\vendor\\laravel\\framework\\src\\Illuminate\\Database\\Migrations\\Migrator.php(165): Illuminate\\Database\\Migrations\\Migrator->runUp('C:\\\\Developer De...', 1, false)
#13 C:\\Developer Destination\\Applications\\DoIT-DataEmporium\\vendor\\laravel\\framework\\src\\Illuminate\\Database\\Migrations\\Migrator.php(110): Illuminate\\Database\\Migrations\\Migrator->runPending(Array, Array)
#14 C:\\Developer Destination\\Applications\\DoIT-DataEmporium\\vendor\\laravel\\framework\\src\\Illuminate\\Database\\Console\\Migrations\\MigrateCommand.php(71): Illuminate\\Database\\Migrations\\Migrator->run(Array, Array)
#15 [internal function]: Illuminate\\Database\\Console\\Migrations\\MigrateCommand->handle()
#16 C:\\Developer Destination\\Applications\\DoIT-DataEmporium\\vendor\\laravel\\framework\\src\\Illuminate\\Container\\BoundMethod.php(32): call_user_func_array(Array, Array)
#17 C:\\Developer Destination\\Applications\\DoIT-DataEmporium\\vendor\\laravel\\framework\\src\\Illuminate\\Container\\Util.php(37): Illuminate\\Container\\BoundMethod::Illuminate\\Container\\{closure}()
#18 C:\\Developer Destination\\Applications\\DoIT-DataEmporium\\vendor\\laravel\\framework\\src\\Illuminate\\Container\\BoundMethod.php(90): Illuminate\\Container\\Util::unwrapIfClosure(Object(Closure))
#19 C:\\Developer Destination\\Applications\\DoIT-DataEmporium\\vendor\\laravel\\framework\\src\\Illuminate\\Container\\BoundMethod.php(34): Illuminate\\Container\\BoundMethod::callBoundMethod(Object(Illuminate\\Foundation\\Application), Array, Object(Closure))
#20 C:\\Developer Destination\\Applications\\DoIT-DataEmporium\\vendor\\laravel\\framework\\src\\Illuminate\\Container\\Container.php(590): Illuminate\\Container\\BoundMethod::call(Object(Illuminate\\Foundation\\Application), Array, Array, NULL)
#21 C:\\Developer Destination\\Applications\\DoIT-DataEmporium\\vendor\\laravel\\framework\\src\\Illuminate\\Console\\Command.php(134): Illuminate\\Container\\Container->call(Array)
#22 C:\\Developer Destination\\Applications\\DoIT-DataEmporium\\vendor\\symfony\\console\\Command\\Command.php(255): Illuminate\\Console\\Command->execute(Object(Symfony\\Component\\Console\\Input\\ArgvInput), Object(Illuminate\\Console\\OutputStyle))
#23 C:\\Developer Destination\\Applications\\DoIT-DataEmporium\\vendor\\laravel\\framework\\src\\Illuminate\\Console\\Command.php(121): Symfony\\Component\\Console\\Command\\Command->run(Object(Symfony\\Component\\Console\\Input\\ArgvInput), Object(Illuminate\\Console\\OutputStyle))
#24 C:\\Developer Destination\\Applications\\DoIT-DataEmporium\\vendor\\symfony\\console\\Application.php(1000): Illuminate\\Console\\Command->run(Object(Symfony\\Component\\Console\\Input\\ArgvInput), Object(Symfony\\Component\\Console\\Output\\ConsoleOutput))
#25 C:\\Developer Destination\\Applications\\DoIT-DataEmporium\\vendor\\symfony\\console\\Application.php(271): Symfony\\Component\\Console\\Application->doRunCommand(Object(Illuminate\\Database\\Console\\Migrations\\MigrateCommand), Object(Symfony\\Component\\Console\\Input\\ArgvInput), Object(Symfony\\Component\\Console\\Output\\ConsoleOutput))
#26 C:\\Developer Destination\\Applications\\DoIT-DataEmporium\\vendor\\symfony\\console\\Application.php(147): Symfony\\Component\\Console\\Application->doRun(Object(Symfony\\Component\\Console\\Input\\ArgvInput), Object(Symfony\\Component\\Console\\Output\\ConsoleOutput))
#27 C:\\Developer Destination\\Applications\\DoIT-DataEmporium\\vendor\\laravel\\framework\\src\\Illuminate\\Console\\Application.php(93): Symfony\\Component\\Console\\Application->run(Object(Symfony\\Component\\Console\\Input\\ArgvInput), Object(Symfony\\Component\\Console\\Output\\ConsoleOutput))
#28 C:\\Developer Destination\\Applications\\DoIT-DataEmporium\\vendor\\laravel\\framework\\src\\Illuminate\\Foundation\\Console\\Kernel.php(131): Illuminate\\Console\\Application->run(Object(Symfony\\Component\\Console\\Input\\ArgvInput), Object(Symfony\\Component\\Console\\Output\\ConsoleOutput))
#29 C:\\Developer Destination\\Applications\\DoIT-DataEmporium\\artisan(37): Illuminate\\Foundation\\Console\\Kernel->handle(Object(Symfony\\Component\\Console\\Input\\ArgvInput), Object(Symfony\\Component\\Console\\Output\\ConsoleOutput))
#30 {main}

[previous exception] [object] (PDOException(code: 42S01): SQLSTATE[42S01]: [Microsoft][ODBC Driver 13 for SQL Server][SQL Server]There is already an object named 'settings' in the database. at C:\\Developer Destination\\Applications\\DoIT-DataEmporium\\vendor\\laravel\\framework\\src\\Illuminate\\Database\\Connection.php:463)
[stacktrace]
#0 C:\\Developer Destination\\Applications\\DoIT-DataEmporium\\vendor\\laravel\\framework\\src\\Illuminate\\Database\\Connection.php(463): PDOStatement->execute()
#1 C:\\Developer Destination\\Applications\\DoIT-DataEmporium\\vendor\\laravel\\framework\\src\\Illuminate\\Database\\Connection.php(662): Illuminate\\Database\\Connection->Illuminate\\Database\\{closure}('create table \"s...', Array)
#2 C:\\Developer Destination\\Applications\\DoIT-DataEmporium\\vendor\\laravel\\framework\\src\\Illuminate\\Database\\Connection.php(629): Illuminate\\Database\\Connection->runQueryCallback('create table \"s...', Array, Object(Closure))
#3 C:\\Developer Destination\\Applications\\DoIT-DataEmporium\\vendor\\laravel\\framework\\src\\Illuminate\\Database\\Connection.php(464): Illuminate\\Database\\Connection->run('create table \"s...', Array, Object(Closure))
#4 C:\\Developer Destination\\Applications\\DoIT-DataEmporium\\vendor\\laravel\\framework\\src\\Illuminate\\Database\\Schema\\Blueprint.php(97): Illuminate\\Database\\Connection->statement('create table \"s...')
#5 C:\\Developer Destination\\Applications\\DoIT-DataEmporium\\vendor\\laravel\\framework\\src\\Illuminate\\Database\\Schema\\Builder.php(290): Illuminate\\Database\\Schema\\Blueprint->build(Object(Illuminate\\Database\\SqlServerConnection), Object(Illuminate\\Database\\Schema\\Grammars\\SqlServerGrammar))
#6 C:\\Developer Destination\\Applications\\DoIT-DataEmporium\\vendor\\laravel\\framework\\src\\Illuminate\\Database\\Schema\\Builder.php(167): Illuminate\\Database\\Schema\\Builder->build(Object(Illuminate\\Database\\Schema\\Blueprint))
#7 C:\\Developer Destination\\Applications\\DoIT-DataEmporium\\vendor\\laravel\\framework\\src\\Illuminate\\Support\\Facades\\Facade.php(261): Illuminate\\Database\\Schema\\Builder->create('settings', Object(Closure))
#8 C:\\Developer Destination\\Applications\\DoIT-DataEmporium\\database\\migrations\\2020_06_16_124601_create_settings_table.php(21): Illuminate\\Support\\Facades\\Facade::__callStatic('create', Array)
#9 C:\\Developer Destination\\Applications\\DoIT-DataEmporium\\vendor\\laravel\\framework\\src\\Illuminate\\Database\\Migrations\\Migrator.php(392): CreateSettingsTable->up()
#10 C:\\Developer Destination\\Applications\\DoIT-DataEmporium\\vendor\\laravel\\framework\\src\\Illuminate\\Database\\Concerns\\ManagesTransactions.php(29): Illuminate\\Database\\Migrations\\Migrator->Illuminate\\Database\\Migrations\\{closure}(Object(Illuminate\\Database\\SqlServerConnection))
#11 C:\\Developer Destination\\Applications\\DoIT-DataEmporium\\vendor\\laravel\\framework\\src\\Illuminate\\Database\\SqlServerConnection.php(29): Illuminate\\Database\\Connection->transaction(Object(Closure))
#12 C:\\Developer Destination\\Applications\\DoIT-DataEmporium\\vendor\\laravel\\framework\\src\\Illuminate\\Database\\Migrations\\Migrator.php(400): Illuminate\\Database\\SqlServerConnection->transaction(Object(Closure))
#13 C:\\Developer Destination\\Applications\\DoIT-DataEmporium\\vendor\\laravel\\framework\\src\\Illuminate\\Database\\Migrations\\Migrator.php(200): Illuminate\\Database\\Migrations\\Migrator->runMigration(Object(CreateSettingsTable), 'up')
#14 C:\\Developer Destination\\Applications\\DoIT-DataEmporium\\vendor\\laravel\\framework\\src\\Illuminate\\Database\\Migrations\\Migrator.php(165): Illuminate\\Database\\Migrations\\Migrator->runUp('C:\\\\Developer De...', 1, false)
#15 C:\\Developer Destination\\Applications\\DoIT-DataEmporium\\vendor\\laravel\\framework\\src\\Illuminate\\Database\\Migrations\\Migrator.php(110): Illuminate\\Database\\Migrations\\Migrator->runPending(Array, Array)
#16 C:\\Developer Destination\\Applications\\DoIT-DataEmporium\\vendor\\laravel\\framework\\src\\Illuminate\\Database\\Console\\Migrations\\MigrateCommand.php(71): Illuminate\\Database\\Migrations\\Migrator->run(Array, Array)
#17 [internal function]: Illuminate\\Database\\Console\\Migrations\\MigrateCommand->handle()
#18 C:\\Developer Destination\\Applications\\DoIT-DataEmporium\\vendor\\laravel\\framework\\src\\Illuminate\\Container\\BoundMethod.php(32): call_user_func_array(Array, Array)
#19 C:\\Developer Destination\\Applications\\DoIT-DataEmporium\\vendor\\laravel\\framework\\src\\Illuminate\\Container\\Util.php(37): Illuminate\\Container\\BoundMethod::Illuminate\\Container\\{closure}()
#20 C:\\Developer Destination\\Applications\\DoIT-DataEmporium\\vendor\\laravel\\framework\\src\\Illuminate\\Container\\BoundMethod.php(90): Illuminate\\Container\\Util::unwrapIfClosure(Object(Closure))
#21 C:\\Developer Destination\\Applications\\DoIT-DataEmporium\\vendor\\laravel\\framework\\src\\Illuminate\\Container\\BoundMethod.php(34): Illuminate\\Container\\BoundMethod::callBoundMethod(Object(Illuminate\\Foundation\\Application), Array, Object(Closure))
#22 C:\\Developer Destination\\Applications\\DoIT-DataEmporium\\vendor\\laravel\\framework\\src\\Illuminate\\Container\\Container.php(590): Illuminate\\Container\\BoundMethod::call(Object(Illuminate\\Foundation\\Application), Array, Array, NULL)
#23 C:\\Developer Destination\\Applications\\DoIT-DataEmporium\\vendor\\laravel\\framework\\src\\Illuminate\\Console\\Command.php(134): Illuminate\\Container\\Container->call(Array)
#24 C:\\Developer Destination\\Applications\\DoIT-DataEmporium\\vendor\\symfony\\console\\Command\\Command.php(255): Illuminate\\Console\\Command->execute(Object(Symfony\\Component\\Console\\Input\\ArgvInput), Object(Illuminate\\Console\\OutputStyle))
#25 C:\\Developer Destination\\Applications\\DoIT-DataEmporium\\vendor\\laravel\\framework\\src\\Illuminate\\Console\\Command.php(121): Symfony\\Component\\Console\\Command\\Command->run(Object(Symfony\\Component\\Console\\Input\\ArgvInput), Object(Illuminate\\Console\\OutputStyle))
#26 C:\\Developer Destination\\Applications\\DoIT-DataEmporium\\vendor\\symfony\\console\\Application.php(1000): Illuminate\\Console\\Command->run(Object(Symfony\\Component\\Console\\Input\\ArgvInput), Object(Symfony\\Component\\Console\\Output\\ConsoleOutput))
#27 C:\\Developer Destination\\Applications\\DoIT-DataEmporium\\vendor\\symfony\\console\\Application.php(271): Symfony\\Component\\Console\\Application->doRunCommand(Object(Illuminate\\Database\\Console\\Migrations\\MigrateCommand), Object(Symfony\\Component\\Console\\Input\\ArgvInput), Object(Symfony\\Component\\Console\\Output\\ConsoleOutput))
#28 C:\\Developer Destination\\Applications\\DoIT-DataEmporium\\vendor\\symfony\\console\\Application.php(147): Symfony\\Component\\Console\\Application->doRun(Object(Symfony\\Component\\Console\\Input\\ArgvInput), Object(Symfony\\Component\\Console\\Output\\ConsoleOutput))
#29 C:\\Developer Destination\\Applications\\DoIT-DataEmporium\\vendor\\laravel\\framework\\src\\Illuminate\\Console\\Application.php(93): Symfony\\Component\\Console\\Application->run(Object(Symfony\\Component\\Console\\Input\\ArgvInput), Object(Symfony\\Component\\Console\\Output\\ConsoleOutput))
#30 C:\\Developer Destination\\Applications\\DoIT-DataEmporium\\vendor\\laravel\\framework\\src\\Illuminate\\Foundation\\Console\\Kernel.php(131): Illuminate\\Console\\Application->run(Object(Symfony\\Component\\Console\\Input\\ArgvInput), Object(Symfony\\Component\\Console\\Output\\ConsoleOutput))
#31 C:\\Developer Destination\\Applications\\DoIT-DataEmporium\\artisan(37): Illuminate\\Foundation\\Console\\Kernel->handle(Object(Symfony\\Component\\Console\\Input\\ArgvInput), Object(Symfony\\Component\\Console\\Output\\ConsoleOutput))
#32 {main}
"} 
[2020-07-03 11:49:58] .ERROR: There are no commands defined in the "migration" namespace.

Did you mean this?
    migrate {"exception":"[object] (Symfony\\Component\\Console\\Exception\\NamespaceNotFoundException(code: 0): There are no commands defined in the \"migration\" namespace.

Did you mean this?
    migrate at C:\\Developer Destination\\Applications\\DoIT-DataEmporium\\vendor\\symfony\\console\\Application.php:597)
[stacktrace]
#0 C:\\Developer Destination\\Applications\\DoIT-DataEmporium\\vendor\\symfony\\console\\Application.php(650): Symfony\\Component\\Console\\Application->findNamespace('migration')
#1 C:\\Developer Destination\\Applications\\DoIT-DataEmporium\\vendor\\symfony\\console\\Application.php(235): Symfony\\Component\\Console\\Application->find('migration:rollb...')
#2 C:\\Developer Destination\\Applications\\DoIT-DataEmporium\\vendor\\symfony\\console\\Application.php(147): Symfony\\Component\\Console\\Application->doRun(Object(Symfony\\Component\\Console\\Input\\ArgvInput), Object(Symfony\\Component\\Console\\Output\\ConsoleOutput))
#3 C:\\Developer Destination\\Applications\\DoIT-DataEmporium\\vendor\\laravel\\framework\\src\\Illuminate\\Console\\Application.php(93): Symfony\\Component\\Console\\Application->run(Object(Symfony\\Component\\Console\\Input\\ArgvInput), Object(Symfony\\Component\\Console\\Output\\ConsoleOutput))
#4 C:\\Developer Destination\\Applications\\DoIT-DataEmporium\\vendor\\laravel\\framework\\src\\Illuminate\\Foundation\\Console\\Kernel.php(131): Illuminate\\Console\\Application->run(Object(Symfony\\Component\\Console\\Input\\ArgvInput), Object(Symfony\\Component\\Console\\Output\\ConsoleOutput))
#5 C:\\Developer Destination\\Applications\\DoIT-DataEmporium\\artisan(37): Illuminate\\Foundation\\Console\\Kernel->handle(Object(Symfony\\Component\\Console\\Input\\ArgvInput), Object(Symfony\\Component\\Console\\Output\\ConsoleOutput))
#6 {main}
"} 
[2020-07-03 12:48:45] .ERROR: SQLSTATE[23000]: [Microsoft][ODBC Driver 13 for SQL Server][SQL Server]Cannot insert the value NULL into column 'account_number', table 'DOITAPI.dbo.ems_accounts'; column does not allow nulls. INSERT fails. (SQL: insert into [ems_accounts] ([updated_at], [created_at]) values (2020-07-03 12:48:44.881, 2020-07-03 12:48:44.881)) {"exception":"[object] (Illuminate\\Database\\QueryException(code: 23000): SQLSTATE[23000]: [Microsoft][ODBC Driver 13 for SQL Server][SQL Server]Cannot insert the value NULL into column 'account_number', table 'DOITAPI.dbo.ems_accounts'; column does not allow nulls. INSERT fails. (SQL: insert into [ems_accounts] ([updated_at], [created_at]) values (2020-07-03 12:48:44.881, 2020-07-03 12:48:44.881)) at C:\\Developer Destination\\Applications\\DoIT-DataEmporium\\vendor\\laravel\\framework\\src\\Illuminate\\Database\\Connection.php:669)
[stacktrace]
#0 C:\\Developer Destination\\Applications\\DoIT-DataEmporium\\vendor\\laravel\\framework\\src\\Illuminate\\Database\\Connection.php(629): Illuminate\\Database\\Connection->runQueryCallback('insert into [em...', Array, Object(Closure))
#1 C:\\Developer Destination\\Applications\\DoIT-DataEmporium\\vendor\\laravel\\framework\\src\\Illuminate\\Database\\Connection.php(464): Illuminate\\Database\\Connection->run('insert into [em...', Array, Object(Closure))
#2 C:\\Developer Destination\\Applications\\DoIT-DataEmporium\\vendor\\laravel\\framework\\src\\Illuminate\\Database\\Connection.php(416): Illuminate\\Database\\Connection->statement('insert into [em...', Array)
#3 C:\\Developer Destination\\Applications\\DoIT-DataEmporium\\vendor\\laravel\\framework\\src\\Illuminate\\Database\\Query\\Processors\\SqlServerProcessor.php(24): Illuminate\\Database\\Connection->insert('insert into [em...', Array)
#4 C:\\Developer Destination\\Applications\\DoIT-DataEmporium\\vendor\\laravel\\framework\\src\\Illuminate\\Database\\Query\\Builder.php(2695): Illuminate\\Database\\Query\\Processors\\SqlServerProcessor->processInsertGetId(Object(Illuminate\\Database\\Query\\Builder), 'insert into [em...', Array, 'id')
#5 C:\\Developer Destination\\Applications\\DoIT-DataEmporium\\vendor\\laravel\\framework\\src\\Illuminate\\Database\\Eloquent\\Builder.php(1366): Illuminate\\Database\\Query\\Builder->insertGetId(Array, 'id')
#6 C:\\Developer Destination\\Applications\\DoIT-DataEmporium\\vendor\\laravel\\framework\\src\\Illuminate\\Database\\Eloquent\\Model.php(840): Illuminate\\Database\\Eloquent\\Builder->__call('insertGetId', Array)
#7 C:\\Developer Destination\\Applications\\DoIT-DataEmporium\\vendor\\laravel\\framework\\src\\Illuminate\\Database\\Eloquent\\Model.php(805): Illuminate\\Database\\Eloquent\\Model->insertAndSetId(Object(Illuminate\\Database\\Eloquent\\Builder), Array)
#8 C:\\Developer Destination\\Applications\\DoIT-DataEmporium\\vendor\\laravel\\framework\\src\\Illuminate\\Database\\Eloquent\\Model.php(668): Illuminate\\Database\\Eloquent\\Model->performInsert(Object(Illuminate\\Database\\Eloquent\\Builder))
#9 C:\\Developer Destination\\Applications\\DoIT-DataEmporium\\app\\libraries\\ems_famis_sync\\EmsFamisSynchronizer.php(54): Illuminate\\Database\\Eloquent\\Model->save()
#10 C:\\Developer Destination\\Applications\\DoIT-DataEmporium\\app\\Console\\Commands\\SyncEmsFamis.php(42): App\\libraries\\ems_famis_sync\\EmsFamisSynchronizer->synchronize()
#11 [internal function]: App\\Console\\Commands\\SyncStarrezIrio->handle(Object(App\\libraries\\ems_famis_sync\\EmsFamisSynchronizer))
#12 C:\\Developer Destination\\Applications\\DoIT-DataEmporium\\vendor\\laravel\\framework\\src\\Illuminate\\Container\\BoundMethod.php(32): call_user_func_array(Array, Array)
#13 C:\\Developer Destination\\Applications\\DoIT-DataEmporium\\vendor\\laravel\\framework\\src\\Illuminate\\Container\\Util.php(37): Illuminate\\Container\\BoundMethod::Illuminate\\Container\\{closure}()
#14 C:\\Developer Destination\\Applications\\DoIT-DataEmporium\\vendor\\laravel\\framework\\src\\Illuminate\\Container\\BoundMethod.php(90): Illuminate\\Container\\Util::unwrapIfClosure(Object(Closure))
#15 C:\\Developer Destination\\Applications\\DoIT-DataEmporium\\vendor\\laravel\\framework\\src\\Illuminate\\Container\\BoundMethod.php(34): Illuminate\\Container\\BoundMethod::callBoundMethod(Object(Illuminate\\Foundation\\Application), Array, Object(Closure))
#16 C:\\Developer Destination\\Applications\\DoIT-DataEmporium\\vendor\\laravel\\framework\\src\\Illuminate\\Container\\Container.php(590): Illuminate\\Container\\BoundMethod::call(Object(Illuminate\\Foundation\\Application), Array, Array, NULL)
#17 C:\\Developer Destination\\Applications\\DoIT-DataEmporium\\vendor\\laravel\\framework\\src\\Illuminate\\Console\\Command.php(134): Illuminate\\Container\\Container->call(Array)
#18 C:\\Developer Destination\\Applications\\DoIT-DataEmporium\\vendor\\symfony\\console\\Command\\Command.php(255): Illuminate\\Console\\Command->execute(Object(Symfony\\Component\\Console\\Input\\ArgvInput), Object(Illuminate\\Console\\OutputStyle))
#19 C:\\Developer Destination\\Applications\\DoIT-DataEmporium\\vendor\\laravel\\framework\\src\\Illuminate\\Console\\Command.php(121): Symfony\\Component\\Console\\Command\\Command->run(Object(Symfony\\Component\\Console\\Input\\ArgvInput), Object(Illuminate\\Console\\OutputStyle))
#20 C:\\Developer Destination\\Applications\\DoIT-DataEmporium\\vendor\\symfony\\console\\Application.php(1000): Illuminate\\Console\\Command->run(Object(Symfony\\Component\\Console\\Input\\ArgvInput), Object(Symfony\\Component\\Console\\Output\\ConsoleOutput))
#21 C:\\Developer Destination\\Applications\\DoIT-DataEmporium\\vendor\\symfony\\console\\Application.php(271): Symfony\\Component\\Console\\Application->doRunCommand(Object(App\\Console\\Commands\\SyncStarrezIrio), Object(Symfony\\Component\\Console\\Input\\ArgvInput), Object(Symfony\\Component\\Console\\Output\\ConsoleOutput))
#22 C:\\Developer Destination\\Applications\\DoIT-DataEmporium\\vendor\\symfony\\console\\Application.php(147): Symfony\\Component\\Console\\Application->doRun(Object(Symfony\\Component\\Console\\Input\\ArgvInput), Object(Symfony\\Component\\Console\\Output\\ConsoleOutput))
#23 C:\\Developer Destination\\Applications\\DoIT-DataEmporium\\vendor\\laravel\\framework\\src\\Illuminate\\Console\\Application.php(93): Symfony\\Component\\Console\\Application->run(Object(Symfony\\Component\\Console\\Input\\ArgvInput), Object(Symfony\\Component\\Console\\Output\\ConsoleOutput))
#24 C:\\Developer Destination\\Applications\\DoIT-DataEmporium\\vendor\\laravel\\framework\\src\\Illuminate\\Foundation\\Console\\Kernel.php(131): Illuminate\\Console\\Application->run(Object(Symfony\\Component\\Console\\Input\\ArgvInput), Object(Symfony\\Component\\Console\\Output\\ConsoleOutput))
#25 C:\\Developer Destination\\Applications\\DoIT-DataEmporium\\artisan(37): Illuminate\\Foundation\\Console\\Kernel->handle(Object(Symfony\\Component\\Console\\Input\\ArgvInput), Object(Symfony\\Component\\Console\\Output\\ConsoleOutput))
#26 {main}

[previous exception] [object] (PDOException(code: 23000): SQLSTATE[23000]: [Microsoft][ODBC Driver 13 for SQL Server][SQL Server]Cannot insert the value NULL into column 'account_number', table 'DOITAPI.dbo.ems_accounts'; column does not allow nulls. INSERT fails. at C:\\Developer Destination\\Applications\\DoIT-DataEmporium\\vendor\\laravel\\framework\\src\\Illuminate\\Database\\Connection.php:463)
[stacktrace]
#0 C:\\Developer Destination\\Applications\\DoIT-DataEmporium\\vendor\\laravel\\framework\\src\\Illuminate\\Database\\Connection.php(463): PDOStatement->execute()
#1 C:\\Developer Destination\\Applications\\DoIT-DataEmporium\\vendor\\laravel\\framework\\src\\Illuminate\\Database\\Connection.php(662): Illuminate\\Database\\Connection->Illuminate\\Database\\{closure}('insert into [em...', Array)
#2 C:\\Developer Destination\\Applications\\DoIT-DataEmporium\\vendor\\laravel\\framework\\src\\Illuminate\\Database\\Connection.php(629): Illuminate\\Database\\Connection->runQueryCallback('insert into [em...', Array, Object(Closure))
#3 C:\\Developer Destination\\Applications\\DoIT-DataEmporium\\vendor\\laravel\\framework\\src\\Illuminate\\Database\\Connection.php(464): Illuminate\\Database\\Connection->run('insert into [em...', Array, Object(Closure))
#4 C:\\Developer Destination\\Applications\\DoIT-DataEmporium\\vendor\\laravel\\framework\\src\\Illuminate\\Database\\Connection.php(416): Illuminate\\Database\\Connection->statement('insert into [em...', Array)
#5 C:\\Developer Destination\\Applications\\DoIT-DataEmporium\\vendor\\laravel\\framework\\src\\Illuminate\\Database\\Query\\Processors\\SqlServerProcessor.php(24): Illuminate\\Database\\Connection->insert('insert into [em...', Array)
#6 C:\\Developer Destination\\Applications\\DoIT-DataEmporium\\vendor\\laravel\\framework\\src\\Illuminate\\Database\\Query\\Builder.php(2695): Illuminate\\Database\\Query\\Processors\\SqlServerProcessor->processInsertGetId(Object(Illuminate\\Database\\Query\\Builder), 'insert into [em...', Array, 'id')
#7 C:\\Developer Destination\\Applications\\DoIT-DataEmporium\\vendor\\laravel\\framework\\src\\Illuminate\\Database\\Eloquent\\Builder.php(1366): Illuminate\\Database\\Query\\Builder->insertGetId(Array, 'id')
#8 C:\\Developer Destination\\Applications\\DoIT-DataEmporium\\vendor\\laravel\\framework\\src\\Illuminate\\Database\\Eloquent\\Model.php(840): Illuminate\\Database\\Eloquent\\Builder->__call('insertGetId', Array)
#9 C:\\Developer Destination\\Applications\\DoIT-DataEmporium\\vendor\\laravel\\framework\\src\\Illuminate\\Database\\Eloquent\\Model.php(805): Illuminate\\Database\\Eloquent\\Model->insertAndSetId(Object(Illuminate\\Database\\Eloquent\\Builder), Array)
#10 C:\\Developer Destination\\Applications\\DoIT-DataEmporium\\vendor\\laravel\\framework\\src\\Illuminate\\Database\\Eloquent\\Model.php(668): Illuminate\\Database\\Eloquent\\Model->performInsert(Object(Illuminate\\Database\\Eloquent\\Builder))
#11 C:\\Developer Destination\\Applications\\DoIT-DataEmporium\\app\\libraries\\ems_famis_sync\\EmsFamisSynchronizer.php(54): Illuminate\\Database\\Eloquent\\Model->save()
#12 C:\\Developer Destination\\Applications\\DoIT-DataEmporium\\app\\Console\\Commands\\SyncEmsFamis.php(42): App\\libraries\\ems_famis_sync\\EmsFamisSynchronizer->synchronize()
#13 [internal function]: App\\Console\\Commands\\SyncStarrezIrio->handle(Object(App\\libraries\\ems_famis_sync\\EmsFamisSynchronizer))
#14 C:\\Developer Destination\\Applications\\DoIT-DataEmporium\\vendor\\laravel\\framework\\src\\Illuminate\\Container\\BoundMethod.php(32): call_user_func_array(Array, Array)
#15 C:\\Developer Destination\\Applications\\DoIT-DataEmporium\\vendor\\laravel\\framework\\src\\Illuminate\\Container\\Util.php(37): Illuminate\\Container\\BoundMethod::Illuminate\\Container\\{closure}()
#16 C:\\Developer Destination\\Applications\\DoIT-DataEmporium\\vendor\\laravel\\framework\\src\\Illuminate\\Container\\BoundMethod.php(90): Illuminate\\Container\\Util::unwrapIfClosure(Object(Closure))
#17 C:\\Developer Destination\\Applications\\DoIT-DataEmporium\\vendor\\laravel\\framework\\src\\Illuminate\\Container\\BoundMethod.php(34): Illuminate\\Container\\BoundMethod::callBoundMethod(Object(Illuminate\\Foundation\\Application), Array, Object(Closure))
#18 C:\\Developer Destination\\Applications\\DoIT-DataEmporium\\vendor\\laravel\\framework\\src\\Illuminate\\Container\\Container.php(590): Illuminate\\Container\\BoundMethod::call(Object(Illuminate\\Foundation\\Application), Array, Array, NULL)
#19 C:\\Developer Destination\\Applications\\DoIT-DataEmporium\\vendor\\laravel\\framework\\src\\Illuminate\\Console\\Command.php(134): Illuminate\\Container\\Container->call(Array)
#20 C:\\Developer Destination\\Applications\\DoIT-DataEmporium\\vendor\\symfony\\console\\Command\\Command.php(255): Illuminate\\Console\\Command->execute(Object(Symfony\\Component\\Console\\Input\\ArgvInput), Object(Illuminate\\Console\\OutputStyle))
#21 C:\\Developer Destination\\Applications\\DoIT-DataEmporium\\vendor\\laravel\\framework\\src\\Illuminate\\Console\\Command.php(121): Symfony\\Component\\Console\\Command\\Command->run(Object(Symfony\\Component\\Console\\Input\\ArgvInput), Object(Illuminate\\Console\\OutputStyle))
#22 C:\\Developer Destination\\Applications\\DoIT-DataEmporium\\vendor\\symfony\\console\\Application.php(1000): Illuminate\\Console\\Command->run(Object(Symfony\\Component\\Console\\Input\\ArgvInput), Object(Symfony\\Component\\Console\\Output\\ConsoleOutput))
#23 C:\\Developer Destination\\Applications\\DoIT-DataEmporium\\vendor\\symfony\\console\\Application.php(271): Symfony\\Component\\Console\\Application->doRunCommand(Object(App\\Console\\Commands\\SyncStarrezIrio), Object(Symfony\\Component\\Console\\Input\\ArgvInput), Object(Symfony\\Component\\Console\\Output\\ConsoleOutput))
#24 C:\\Developer Destination\\Applications\\DoIT-DataEmporium\\vendor\\symfony\\console\\Application.php(147): Symfony\\Component\\Console\\Application->doRun(Object(Symfony\\Component\\Console\\Input\\ArgvInput), Object(Symfony\\Component\\Console\\Output\\ConsoleOutput))
#25 C:\\Developer Destination\\Applications\\DoIT-DataEmporium\\vendor\\laravel\\framework\\src\\Illuminate\\Console\\Application.php(93): Symfony\\Component\\Console\\Application->run(Object(Symfony\\Component\\Console\\Input\\ArgvInput), Object(Symfony\\Component\\Console\\Output\\ConsoleOutput))
#26 C:\\Developer Destination\\Applications\\DoIT-DataEmporium\\vendor\\laravel\\framework\\src\\Illuminate\\Foundation\\Console\\Kernel.php(131): Illuminate\\Console\\Application->run(Object(Symfony\\Component\\Console\\Input\\ArgvInput), Object(Symfony\\Component\\Console\\Output\\ConsoleOutput))
#27 C:\\Developer Destination\\Applications\\DoIT-DataEmporium\\artisan(37): Illuminate\\Foundation\\Console\\Kernel->handle(Object(Symfony\\Component\\Console\\Input\\ArgvInput), Object(Symfony\\Component\\Console\\Output\\ConsoleOutput))
#28 {main}
"} 
[2020-07-03 12:59:27] .ERROR: SQLSTATE[28000]: [Microsoft][ODBC Driver 13 for SQL Server][SQL Server]Login failed for user 'app_emporium'. (SQL: select * from sysobjects where type = 'U' and name = migrations) {"exception":"[object] (Illuminate\\Database\\QueryException(code: 28000): SQLSTATE[28000]: [Microsoft][ODBC Driver 13 for SQL Server][SQL Server]Login failed for user 'app_emporium'. (SQL: select * from sysobjects where type = 'U' and name = migrations) at C:\\Developer Destination\\Applications\\DoIT-DataEmporium\\vendor\\laravel\\framework\\src\\Illuminate\\Database\\Connection.php:669)
[stacktrace]
#0 C:\\Developer Destination\\Applications\\DoIT-DataEmporium\\vendor\\laravel\\framework\\src\\Illuminate\\Database\\Connection.php(629): Illuminate\\Database\\Connection->runQueryCallback('select * from s...', Array, Object(Closure))
#1 C:\\Developer Destination\\Applications\\DoIT-DataEmporium\\vendor\\laravel\\framework\\src\\Illuminate\\Database\\Connection.php(338): Illuminate\\Database\\Connection->run('select * from s...', Array, Object(Closure))
#2 C:\\Developer Destination\\Applications\\DoIT-DataEmporium\\vendor\\laravel\\framework\\src\\Illuminate\\Database\\Connection.php(309): Illuminate\\Database\\Connection->select('select * from s...', Array, false)
#3 C:\\Developer Destination\\Applications\\DoIT-DataEmporium\\vendor\\laravel\\framework\\src\\Illuminate\\Database\\Schema\\Builder.php(75): Illuminate\\Database\\Connection->selectFromWriteConnection('select * from s...', Array)
#4 C:\\Developer Destination\\Applications\\DoIT-DataEmporium\\vendor\\laravel\\framework\\src\\Illuminate\\Database\\Migrations\\DatabaseMigrationRepository.php(169): Illuminate\\Database\\Schema\\Builder->hasTable('migrations')
#5 C:\\Developer Destination\\Applications\\DoIT-DataEmporium\\vendor\\laravel\\framework\\src\\Illuminate\\Database\\Migrations\\Migrator.php(590): Illuminate\\Database\\Migrations\\DatabaseMigrationRepository->repositoryExists()
#6 C:\\Developer Destination\\Applications\\DoIT-DataEmporium\\vendor\\laravel\\framework\\src\\Illuminate\\Database\\Console\\Migrations\\MigrateCommand.php(91): Illuminate\\Database\\Migrations\\Migrator->repositoryExists()
#7 C:\\Developer Destination\\Applications\\DoIT-DataEmporium\\vendor\\laravel\\framework\\src\\Illuminate\\Database\\Console\\Migrations\\MigrateCommand.php(63): Illuminate\\Database\\Console\\Migrations\\MigrateCommand->prepareDatabase()
#8 [internal function]: Illuminate\\Database\\Console\\Migrations\\MigrateCommand->handle()
#9 C:\\Developer Destination\\Applications\\DoIT-DataEmporium\\vendor\\laravel\\framework\\src\\Illuminate\\Container\\BoundMethod.php(32): call_user_func_array(Array, Array)
#10 C:\\Developer Destination\\Applications\\DoIT-DataEmporium\\vendor\\laravel\\framework\\src\\Illuminate\\Container\\Util.php(37): Illuminate\\Container\\BoundMethod::Illuminate\\Container\\{closure}()
#11 C:\\Developer Destination\\Applications\\DoIT-DataEmporium\\vendor\\laravel\\framework\\src\\Illuminate\\Container\\BoundMethod.php(90): Illuminate\\Container\\Util::unwrapIfClosure(Object(Closure))
#12 C:\\Developer Destination\\Applications\\DoIT-DataEmporium\\vendor\\laravel\\framework\\src\\Illuminate\\Container\\BoundMethod.php(34): Illuminate\\Container\\BoundMethod::callBoundMethod(Object(Illuminate\\Foundation\\Application), Array, Object(Closure))
#13 C:\\Developer Destination\\Applications\\DoIT-DataEmporium\\vendor\\laravel\\framework\\src\\Illuminate\\Container\\Container.php(590): Illuminate\\Container\\BoundMethod::call(Object(Illuminate\\Foundation\\Application), Array, Array, NULL)
#14 C:\\Developer Destination\\Applications\\DoIT-DataEmporium\\vendor\\laravel\\framework\\src\\Illuminate\\Console\\Command.php(134): Illuminate\\Container\\Container->call(Array)
#15 C:\\Developer Destination\\Applications\\DoIT-DataEmporium\\vendor\\symfony\\console\\Command\\Command.php(255): Illuminate\\Console\\Command->execute(Object(Symfony\\Component\\Console\\Input\\ArgvInput), Object(Illuminate\\Console\\OutputStyle))
#16 C:\\Developer Destination\\Applications\\DoIT-DataEmporium\\vendor\\laravel\\framework\\src\\Illuminate\\Console\\Command.php(121): Symfony\\Component\\Console\\Command\\Command->run(Object(Symfony\\Component\\Console\\Input\\ArgvInput), Object(Illuminate\\Console\\OutputStyle))
#17 C:\\Developer Destination\\Applications\\DoIT-DataEmporium\\vendor\\symfony\\console\\Application.php(1000): Illuminate\\Console\\Command->run(Object(Symfony\\Component\\Console\\Input\\ArgvInput), Object(Symfony\\Component\\Console\\Output\\ConsoleOutput))
#18 C:\\Developer Destination\\Applications\\DoIT-DataEmporium\\vendor\\symfony\\console\\Application.php(271): Symfony\\Component\\Console\\Application->doRunCommand(Object(Illuminate\\Database\\Console\\Migrations\\MigrateCommand), Object(Symfony\\Component\\Console\\Input\\ArgvInput), Object(Symfony\\Component\\Console\\Output\\ConsoleOutput))
#19 C:\\Developer Destination\\Applications\\DoIT-DataEmporium\\vendor\\symfony\\console\\Application.php(147): Symfony\\Component\\Console\\Application->doRun(Object(Symfony\\Component\\Console\\Input\\ArgvInput), Object(Symfony\\Component\\Console\\Output\\ConsoleOutput))
#20 C:\\Developer Destination\\Applications\\DoIT-DataEmporium\\vendor\\laravel\\framework\\src\\Illuminate\\Console\\Application.php(93): Symfony\\Component\\Console\\Application->run(Object(Symfony\\Component\\Console\\Input\\ArgvInput), Object(Symfony\\Component\\Console\\Output\\ConsoleOutput))
#21 C:\\Developer Destination\\Applications\\DoIT-DataEmporium\\vendor\\laravel\\framework\\src\\Illuminate\\Foundation\\Console\\Kernel.php(131): Illuminate\\Console\\Application->run(Object(Symfony\\Component\\Console\\Input\\ArgvInput), Object(Symfony\\Component\\Console\\Output\\ConsoleOutput))
#22 C:\\Developer Destination\\Applications\\DoIT-DataEmporium\\artisan(37): Illuminate\\Foundation\\Console\\Kernel->handle(Object(Symfony\\Component\\Console\\Input\\ArgvInput), Object(Symfony\\Component\\Console\\Output\\ConsoleOutput))
#23 {main}

[previous exception] [object] (PDOException(code: 28000): SQLSTATE[28000]: [Microsoft][ODBC Driver 13 for SQL Server][SQL Server]Login failed for user 'app_emporium'. at C:\\Developer Destination\\Applications\\DoIT-DataEmporium\\vendor\\laravel\\framework\\src\\Illuminate\\Database\\Connectors\\Connector.php:70)
[stacktrace]
#0 C:\\Developer Destination\\Applications\\DoIT-DataEmporium\\vendor\\laravel\\framework\\src\\Illuminate\\Database\\Connectors\\Connector.php(70): PDO->__construct('sqlsrv:Server=M...', 'app_emporium', 'e4', Array)
#1 C:\\Developer Destination\\Applications\\DoIT-DataEmporium\\vendor\\laravel\\framework\\src\\Illuminate\\Database\\Connectors\\Connector.php(46): Illuminate\\Database\\Connectors\\Connector->createPdoConnection('sqlsrv:Server=M...', 'app_emporium', 'e4', Array)
#2 C:\\Developer Destination\\Applications\\DoIT-DataEmporium\\vendor\\laravel\\framework\\src\\Illuminate\\Database\\Connectors\\SqlServerConnector.php(32): Illuminate\\Database\\Connectors\\Connector->createConnection('sqlsrv:Server=M...', Array, Array)
#3 C:\\Developer Destination\\Applications\\DoIT-DataEmporium\\vendor\\laravel\\framework\\src\\Illuminate\\Database\\Connectors\\ConnectionFactory.php(182): Illuminate\\Database\\Connectors\\SqlServerConnector->connect(Array)
#4 [internal function]: Illuminate\\Database\\Connectors\\ConnectionFactory->Illuminate\\Database\\Connectors\\{closure}()
#5 C:\\Developer Destination\\Applications\\DoIT-DataEmporium\\vendor\\laravel\\framework\\src\\Illuminate\\Database\\Connection.php(924): call_user_func(Object(Closure))
#6 C:\\Developer Destination\\Applications\\DoIT-DataEmporium\\vendor\\laravel\\framework\\src\\Illuminate\\Database\\Connection.php(404): Illuminate\\Database\\Connection->getPdo()
#7 C:\\Developer Destination\\Applications\\DoIT-DataEmporium\\vendor\\laravel\\framework\\src\\Illuminate\\Database\\Connection.php(330): Illuminate\\Database\\Connection->getPdoForSelect(false)
#8 C:\\Developer Destination\\Applications\\DoIT-DataEmporium\\vendor\\laravel\\framework\\src\\Illuminate\\Database\\Connection.php(662): Illuminate\\Database\\Connection->Illuminate\\Database\\{closure}('select * from s...', Array)
#9 C:\\Developer Destination\\Applications\\DoIT-DataEmporium\\vendor\\laravel\\framework\\src\\Illuminate\\Database\\Connection.php(629): Illuminate\\Database\\Connection->runQueryCallback('select * from s...', Array, Object(Closure))
#10 C:\\Developer Destination\\Applications\\DoIT-DataEmporium\\vendor\\laravel\\framework\\src\\Illuminate\\Database\\Connection.php(338): Illuminate\\Database\\Connection->run('select * from s...', Array, Object(Closure))
#11 C:\\Developer Destination\\Applications\\DoIT-DataEmporium\\vendor\\laravel\\framework\\src\\Illuminate\\Database\\Connection.php(309): Illuminate\\Database\\Connection->select('select * from s...', Array, false)
#12 C:\\Developer Destination\\Applications\\DoIT-DataEmporium\\vendor\\laravel\\framework\\src\\Illuminate\\Database\\Schema\\Builder.php(75): Illuminate\\Database\\Connection->selectFromWriteConnection('select * from s...', Array)
#13 C:\\Developer Destination\\Applications\\DoIT-DataEmporium\\vendor\\laravel\\framework\\src\\Illuminate\\Database\\Migrations\\DatabaseMigrationRepository.php(169): Illuminate\\Database\\Schema\\Builder->hasTable('migrations')
#14 C:\\Developer Destination\\Applications\\DoIT-DataEmporium\\vendor\\laravel\\framework\\src\\Illuminate\\Database\\Migrations\\Migrator.php(590): Illuminate\\Database\\Migrations\\DatabaseMigrationRepository->repositoryExists()
#15 C:\\Developer Destination\\Applications\\DoIT-DataEmporium\\vendor\\laravel\\framework\\src\\Illuminate\\Database\\Console\\Migrations\\MigrateCommand.php(91): Illuminate\\Database\\Migrations\\Migrator->repositoryExists()
#16 C:\\Developer Destination\\Applications\\DoIT-DataEmporium\\vendor\\laravel\\framework\\src\\Illuminate\\Database\\Console\\Migrations\\MigrateCommand.php(63): Illuminate\\Database\\Console\\Migrations\\MigrateCommand->prepareDatabase()
#17 [internal function]: Illuminate\\Database\\Console\\Migrations\\MigrateCommand->handle()
#18 C:\\Developer Destination\\Applications\\DoIT-DataEmporium\\vendor\\laravel\\framework\\src\\Illuminate\\Container\\BoundMethod.php(32): call_user_func_array(Array, Array)
#19 C:\\Developer Destination\\Applications\\DoIT-DataEmporium\\vendor\\laravel\\framework\\src\\Illuminate\\Container\\Util.php(37): Illuminate\\Container\\BoundMethod::Illuminate\\Container\\{closure}()
#20 C:\\Developer Destination\\Applications\\DoIT-DataEmporium\\vendor\\laravel\\framework\\src\\Illuminate\\Container\\BoundMethod.php(90): Illuminate\\Container\\Util::unwrapIfClosure(Object(Closure))
#21 C:\\Developer Destination\\Applications\\DoIT-DataEmporium\\vendor\\laravel\\framework\\src\\Illuminate\\Container\\BoundMethod.php(34): Illuminate\\Container\\BoundMethod::callBoundMethod(Object(Illuminate\\Foundation\\Application), Array, Object(Closure))
#22 C:\\Developer Destination\\Applications\\DoIT-DataEmporium\\vendor\\laravel\\framework\\src\\Illuminate\\Container\\Container.php(590): Illuminate\\Container\\BoundMethod::call(Object(Illuminate\\Foundation\\Application), Array, Array, NULL)
#23 C:\\Developer Destination\\Applications\\DoIT-DataEmporium\\vendor\\laravel\\framework\\src\\Illuminate\\Console\\Command.php(134): Illuminate\\Container\\Container->call(Array)
#24 C:\\Developer Destination\\Applications\\DoIT-DataEmporium\\vendor\\symfony\\console\\Command\\Command.php(255): Illuminate\\Console\\Command->execute(Object(Symfony\\Component\\Console\\Input\\ArgvInput), Object(Illuminate\\Console\\OutputStyle))
#25 C:\\Developer Destination\\Applications\\DoIT-DataEmporium\\vendor\\laravel\\framework\\src\\Illuminate\\Console\\Command.php(121): Symfony\\Component\\Console\\Command\\Command->run(Object(Symfony\\Component\\Console\\Input\\ArgvInput), Object(Illuminate\\Console\\OutputStyle))
#26 C:\\Developer Destination\\Applications\\DoIT-DataEmporium\\vendor\\symfony\\console\\Application.php(1000): Illuminate\\Console\\Command->run(Object(Symfony\\Component\\Console\\Input\\ArgvInput), Object(Symfony\\Component\\Console\\Output\\ConsoleOutput))
#27 C:\\Developer Destination\\Applications\\DoIT-DataEmporium\\vendor\\symfony\\console\\Application.php(271): Symfony\\Component\\Console\\Application->doRunCommand(Object(Illuminate\\Database\\Console\\Migrations\\MigrateCommand), Object(Symfony\\Component\\Console\\Input\\ArgvInput), Object(Symfony\\Component\\Console\\Output\\ConsoleOutput))
#28 C:\\Developer Destination\\Applications\\DoIT-DataEmporium\\vendor\\symfony\\console\\Application.php(147): Symfony\\Component\\Console\\Application->doRun(Object(Symfony\\Component\\Console\\Input\\ArgvInput), Object(Symfony\\Component\\Console\\Output\\ConsoleOutput))
#29 C:\\Developer Destination\\Applications\\DoIT-DataEmporium\\vendor\\laravel\\framework\\src\\Illuminate\\Console\\Application.php(93): Symfony\\Component\\Console\\Application->run(Object(Symfony\\Component\\Console\\Input\\ArgvInput), Object(Symfony\\Component\\Console\\Output\\ConsoleOutput))
#30 C:\\Developer Destination\\Applications\\DoIT-DataEmporium\\vendor\\laravel\\framework\\src\\Illuminate\\Foundation\\Console\\Kernel.php(131): Illuminate\\Console\\Application->run(Object(Symfony\\Component\\Console\\Input\\ArgvInput), Object(Symfony\\Component\\Console\\Output\\ConsoleOutput))
#31 C:\\Developer Destination\\Applications\\DoIT-DataEmporium\\artisan(37): Illuminate\\Foundation\\Console\\Kernel->handle(Object(Symfony\\Component\\Console\\Input\\ArgvInput), Object(Symfony\\Component\\Console\\Output\\ConsoleOutput))
#32 {main}
"} 
[2020-07-03 13:06:22] .ERROR: SQLSTATE[28000]: [Microsoft][ODBC Driver 13 for SQL Server][SQL Server]Login failed for user 'app_emporium'. (SQL: select * from sysobjects where type = 'U' and name = migrations) {"exception":"[object] (Illuminate\\Database\\QueryException(code: 28000): SQLSTATE[28000]: [Microsoft][ODBC Driver 13 for SQL Server][SQL Server]Login failed for user 'app_emporium'. (SQL: select * from sysobjects where type = 'U' and name = migrations) at C:\\Developer Destination\\Applications\\DoIT-DataEmporium\\vendor\\laravel\\framework\\src\\Illuminate\\Database\\Connection.php:669)
[stacktrace]
#0 C:\\Developer Destination\\Applications\\DoIT-DataEmporium\\vendor\\laravel\\framework\\src\\Illuminate\\Database\\Connection.php(629): Illuminate\\Database\\Connection->runQueryCallback('select * from s...', Array, Object(Closure))
#1 C:\\Developer Destination\\Applications\\DoIT-DataEmporium\\vendor\\laravel\\framework\\src\\Illuminate\\Database\\Connection.php(338): Illuminate\\Database\\Connection->run('select * from s...', Array, Object(Closure))
#2 C:\\Developer Destination\\Applications\\DoIT-DataEmporium\\vendor\\laravel\\framework\\src\\Illuminate\\Database\\Connection.php(309): Illuminate\\Database\\Connection->select('select * from s...', Array, false)
#3 C:\\Developer Destination\\Applications\\DoIT-DataEmporium\\vendor\\laravel\\framework\\src\\Illuminate\\Database\\Schema\\Builder.php(75): Illuminate\\Database\\Connection->selectFromWriteConnection('select * from s...', Array)
#4 C:\\Developer Destination\\Applications\\DoIT-DataEmporium\\vendor\\laravel\\framework\\src\\Illuminate\\Database\\Migrations\\DatabaseMigrationRepository.php(169): Illuminate\\Database\\Schema\\Builder->hasTable('migrations')
#5 C:\\Developer Destination\\Applications\\DoIT-DataEmporium\\vendor\\laravel\\framework\\src\\Illuminate\\Database\\Migrations\\Migrator.php(590): Illuminate\\Database\\Migrations\\DatabaseMigrationRepository->repositoryExists()
#6 C:\\Developer Destination\\Applications\\DoIT-DataEmporium\\vendor\\laravel\\framework\\src\\Illuminate\\Database\\Console\\Migrations\\MigrateCommand.php(91): Illuminate\\Database\\Migrations\\Migrator->repositoryExists()
#7 C:\\Developer Destination\\Applications\\DoIT-DataEmporium\\vendor\\laravel\\framework\\src\\Illuminate\\Database\\Console\\Migrations\\MigrateCommand.php(63): Illuminate\\Database\\Console\\Migrations\\MigrateCommand->prepareDatabase()
#8 [internal function]: Illuminate\\Database\\Console\\Migrations\\MigrateCommand->handle()
#9 C:\\Developer Destination\\Applications\\DoIT-DataEmporium\\vendor\\laravel\\framework\\src\\Illuminate\\Container\\BoundMethod.php(32): call_user_func_array(Array, Array)
#10 C:\\Developer Destination\\Applications\\DoIT-DataEmporium\\vendor\\laravel\\framework\\src\\Illuminate\\Container\\Util.php(37): Illuminate\\Container\\BoundMethod::Illuminate\\Container\\{closure}()
#11 C:\\Developer Destination\\Applications\\DoIT-DataEmporium\\vendor\\laravel\\framework\\src\\Illuminate\\Container\\BoundMethod.php(90): Illuminate\\Container\\Util::unwrapIfClosure(Object(Closure))
#12 C:\\Developer Destination\\Applications\\DoIT-DataEmporium\\vendor\\laravel\\framework\\src\\Illuminate\\Container\\BoundMethod.php(34): Illuminate\\Container\\BoundMethod::callBoundMethod(Object(Illuminate\\Foundation\\Application), Array, Object(Closure))
#13 C:\\Developer Destination\\Applications\\DoIT-DataEmporium\\vendor\\laravel\\framework\\src\\Illuminate\\Container\\Container.php(590): Illuminate\\Container\\BoundMethod::call(Object(Illuminate\\Foundation\\Application), Array, Array, NULL)
#14 C:\\Developer Destination\\Applications\\DoIT-DataEmporium\\vendor\\laravel\\framework\\src\\Illuminate\\Console\\Command.php(134): Illuminate\\Container\\Container->call(Array)
#15 C:\\Developer Destination\\Applications\\DoIT-DataEmporium\\vendor\\symfony\\console\\Command\\Command.php(255): Illuminate\\Console\\Command->execute(Object(Symfony\\Component\\Console\\Input\\ArgvInput), Object(Illuminate\\Console\\OutputStyle))
#16 C:\\Developer Destination\\Applications\\DoIT-DataEmporium\\vendor\\laravel\\framework\\src\\Illuminate\\Console\\Command.php(121): Symfony\\Component\\Console\\Command\\Command->run(Object(Symfony\\Component\\Console\\Input\\ArgvInput), Object(Illuminate\\Console\\OutputStyle))
#17 C:\\Developer Destination\\Applications\\DoIT-DataEmporium\\vendor\\symfony\\console\\Application.php(1000): Illuminate\\Console\\Command->run(Object(Symfony\\Component\\Console\\Input\\ArgvInput), Object(Symfony\\Component\\Console\\Output\\ConsoleOutput))
#18 C:\\Developer Destination\\Applications\\DoIT-DataEmporium\\vendor\\symfony\\console\\Application.php(271): Symfony\\Component\\Console\\Application->doRunCommand(Object(Illuminate\\Database\\Console\\Migrations\\MigrateCommand), Object(Symfony\\Component\\Console\\Input\\ArgvInput), Object(Symfony\\Component\\Console\\Output\\ConsoleOutput))
#19 C:\\Developer Destination\\Applications\\DoIT-DataEmporium\\vendor\\symfony\\console\\Application.php(147): Symfony\\Component\\Console\\Application->doRun(Object(Symfony\\Component\\Console\\Input\\ArgvInput), Object(Symfony\\Component\\Console\\Output\\ConsoleOutput))
#20 C:\\Developer Destination\\Applications\\DoIT-DataEmporium\\vendor\\laravel\\framework\\src\\Illuminate\\Console\\Application.php(93): Symfony\\Component\\Console\\Application->run(Object(Symfony\\Component\\Console\\Input\\ArgvInput), Object(Symfony\\Component\\Console\\Output\\ConsoleOutput))
#21 C:\\Developer Destination\\Applications\\DoIT-DataEmporium\\vendor\\laravel\\framework\\src\\Illuminate\\Foundation\\Console\\Kernel.php(131): Illuminate\\Console\\Application->run(Object(Symfony\\Component\\Console\\Input\\ArgvInput), Object(Symfony\\Component\\Console\\Output\\ConsoleOutput))
#22 C:\\Developer Destination\\Applications\\DoIT-DataEmporium\\artisan(37): Illuminate\\Foundation\\Console\\Kernel->handle(Object(Symfony\\Component\\Console\\Input\\ArgvInput), Object(Symfony\\Component\\Console\\Output\\ConsoleOutput))
#23 {main}

[previous exception] [object] (PDOException(code: 28000): SQLSTATE[28000]: [Microsoft][ODBC Driver 13 for SQL Server][SQL Server]Login failed for user 'app_emporium'. at C:\\Developer Destination\\Applications\\DoIT-DataEmporium\\vendor\\laravel\\framework\\src\\Illuminate\\Database\\Connectors\\Connector.php:70)
[stacktrace]
#0 C:\\Developer Destination\\Applications\\DoIT-DataEmporium\\vendor\\laravel\\framework\\src\\Illuminate\\Database\\Connectors\\Connector.php(70): PDO->__construct('sqlsrv:Server=m...', 'app_emporium', 'e4', Array)
#1 C:\\Developer Destination\\Applications\\DoIT-DataEmporium\\vendor\\laravel\\framework\\src\\Illuminate\\Database\\Connectors\\Connector.php(46): Illuminate\\Database\\Connectors\\Connector->createPdoConnection('sqlsrv:Server=m...', 'app_emporium', 'e4', Array)
#2 C:\\Developer Destination\\Applications\\DoIT-DataEmporium\\vendor\\laravel\\framework\\src\\Illuminate\\Database\\Connectors\\SqlServerConnector.php(32): Illuminate\\Database\\Connectors\\Connector->createConnection('sqlsrv:Server=m...', Array, Array)
#3 C:\\Developer Destination\\Applications\\DoIT-DataEmporium\\vendor\\laravel\\framework\\src\\Illuminate\\Database\\Connectors\\ConnectionFactory.php(182): Illuminate\\Database\\Connectors\\SqlServerConnector->connect(Array)
#4 [internal function]: Illuminate\\Database\\Connectors\\ConnectionFactory->Illuminate\\Database\\Connectors\\{closure}()
#5 C:\\Developer Destination\\Applications\\DoIT-DataEmporium\\vendor\\laravel\\framework\\src\\Illuminate\\Database\\Connection.php(924): call_user_func(Object(Closure))
#6 C:\\Developer Destination\\Applications\\DoIT-DataEmporium\\vendor\\laravel\\framework\\src\\Illuminate\\Database\\Connection.php(404): Illuminate\\Database\\Connection->getPdo()
#7 C:\\Developer Destination\\Applications\\DoIT-DataEmporium\\vendor\\laravel\\framework\\src\\Illuminate\\Database\\Connection.php(330): Illuminate\\Database\\Connection->getPdoForSelect(false)
#8 C:\\Developer Destination\\Applications\\DoIT-DataEmporium\\vendor\\laravel\\framework\\src\\Illuminate\\Database\\Connection.php(662): Illuminate\\Database\\Connection->Illuminate\\Database\\{closure}('select * from s...', Array)
#9 C:\\Developer Destination\\Applications\\DoIT-DataEmporium\\vendor\\laravel\\framework\\src\\Illuminate\\Database\\Connection.php(629): Illuminate\\Database\\Connection->runQueryCallback('select * from s...', Array, Object(Closure))
#10 C:\\Developer Destination\\Applications\\DoIT-DataEmporium\\vendor\\laravel\\framework\\src\\Illuminate\\Database\\Connection.php(338): Illuminate\\Database\\Connection->run('select * from s...', Array, Object(Closure))
#11 C:\\Developer Destination\\Applications\\DoIT-DataEmporium\\vendor\\laravel\\framework\\src\\Illuminate\\Database\\Connection.php(309): Illuminate\\Database\\Connection->select('select * from s...', Array, false)
#12 C:\\Developer Destination\\Applications\\DoIT-DataEmporium\\vendor\\laravel\\framework\\src\\Illuminate\\Database\\Schema\\Builder.php(75): Illuminate\\Database\\Connection->selectFromWriteConnection('select * from s...', Array)
#13 C:\\Developer Destination\\Applications\\DoIT-DataEmporium\\vendor\\laravel\\framework\\src\\Illuminate\\Database\\Migrations\\DatabaseMigrationRepository.php(169): Illuminate\\Database\\Schema\\Builder->hasTable('migrations')
#14 C:\\Developer Destination\\Applications\\DoIT-DataEmporium\\vendor\\laravel\\framework\\src\\Illuminate\\Database\\Migrations\\Migrator.php(590): Illuminate\\Database\\Migrations\\DatabaseMigrationRepository->repositoryExists()
#15 C:\\Developer Destination\\Applications\\DoIT-DataEmporium\\vendor\\laravel\\framework\\src\\Illuminate\\Database\\Console\\Migrations\\MigrateCommand.php(91): Illuminate\\Database\\Migrations\\Migrator->repositoryExists()
#16 C:\\Developer Destination\\Applications\\DoIT-DataEmporium\\vendor\\laravel\\framework\\src\\Illuminate\\Database\\Console\\Migrations\\MigrateCommand.php(63): Illuminate\\Database\\Console\\Migrations\\MigrateCommand->prepareDatabase()
#17 [internal function]: Illuminate\\Database\\Console\\Migrations\\MigrateCommand->handle()
#18 C:\\Developer Destination\\Applications\\DoIT-DataEmporium\\vendor\\laravel\\framework\\src\\Illuminate\\Container\\BoundMethod.php(32): call_user_func_array(Array, Array)
#19 C:\\Developer Destination\\Applications\\DoIT-DataEmporium\\vendor\\laravel\\framework\\src\\Illuminate\\Container\\Util.php(37): Illuminate\\Container\\BoundMethod::Illuminate\\Container\\{closure}()
#20 C:\\Developer Destination\\Applications\\DoIT-DataEmporium\\vendor\\laravel\\framework\\src\\Illuminate\\Container\\BoundMethod.php(90): Illuminate\\Container\\Util::unwrapIfClosure(Object(Closure))
#21 C:\\Developer Destination\\Applications\\DoIT-DataEmporium\\vendor\\laravel\\framework\\src\\Illuminate\\Container\\BoundMethod.php(34): Illuminate\\Container\\BoundMethod::callBoundMethod(Object(Illuminate\\Foundation\\Application), Array, Object(Closure))
#22 C:\\Developer Destination\\Applications\\DoIT-DataEmporium\\vendor\\laravel\\framework\\src\\Illuminate\\Container\\Container.php(590): Illuminate\\Container\\BoundMethod::call(Object(Illuminate\\Foundation\\Application), Array, Array, NULL)
#23 C:\\Developer Destination\\Applications\\DoIT-DataEmporium\\vendor\\laravel\\framework\\src\\Illuminate\\Console\\Command.php(134): Illuminate\\Container\\Container->call(Array)
#24 C:\\Developer Destination\\Applications\\DoIT-DataEmporium\\vendor\\symfony\\console\\Command\\Command.php(255): Illuminate\\Console\\Command->execute(Object(Symfony\\Component\\Console\\Input\\ArgvInput), Object(Illuminate\\Console\\OutputStyle))
#25 C:\\Developer Destination\\Applications\\DoIT-DataEmporium\\vendor\\laravel\\framework\\src\\Illuminate\\Console\\Command.php(121): Symfony\\Component\\Console\\Command\\Command->run(Object(Symfony\\Component\\Console\\Input\\ArgvInput), Object(Illuminate\\Console\\OutputStyle))
#26 C:\\Developer Destination\\Applications\\DoIT-DataEmporium\\vendor\\symfony\\console\\Application.php(1000): Illuminate\\Console\\Command->run(Object(Symfony\\Component\\Console\\Input\\ArgvInput), Object(Symfony\\Component\\Console\\Output\\ConsoleOutput))
#27 C:\\Developer Destination\\Applications\\DoIT-DataEmporium\\vendor\\symfony\\console\\Application.php(271): Symfony\\Component\\Console\\Application->doRunCommand(Object(Illuminate\\Database\\Console\\Migrations\\MigrateCommand), Object(Symfony\\Component\\Console\\Input\\ArgvInput), Object(Symfony\\Component\\Console\\Output\\ConsoleOutput))
#28 C:\\Developer Destination\\Applications\\DoIT-DataEmporium\\vendor\\symfony\\console\\Application.php(147): Symfony\\Component\\Console\\Application->doRun(Object(Symfony\\Component\\Console\\Input\\ArgvInput), Object(Symfony\\Component\\Console\\Output\\ConsoleOutput))
#29 C:\\Developer Destination\\Applications\\DoIT-DataEmporium\\vendor\\laravel\\framework\\src\\Illuminate\\Console\\Application.php(93): Symfony\\Component\\Console\\Application->run(Object(Symfony\\Component\\Console\\Input\\ArgvInput), Object(Symfony\\Component\\Console\\Output\\ConsoleOutput))
#30 C:\\Developer Destination\\Applications\\DoIT-DataEmporium\\vendor\\laravel\\framework\\src\\Illuminate\\Foundation\\Console\\Kernel.php(131): Illuminate\\Console\\Application->run(Object(Symfony\\Component\\Console\\Input\\ArgvInput), Object(Symfony\\Component\\Console\\Output\\ConsoleOutput))
#31 C:\\Developer Destination\\Applications\\DoIT-DataEmporium\\artisan(37): Illuminate\\Foundation\\Console\\Kernel->handle(Object(Symfony\\Component\\Console\\Input\\ArgvInput), Object(Symfony\\Component\\Console\\Output\\ConsoleOutput))
#32 {main}
"} 
[2020-07-03 13:13:53] .ERROR: SQLSTATE[42S01]: [Microsoft][ODBC Driver 13 for SQL Server][SQL Server]There is already an object named 'settings' in the database. (SQL: create table "settings" ("id" bigint identity primary key not null, "key" nvarchar(255) not null, "value" nvarchar(255) not null, "created_at" datetime null, "updated_at" datetime null)) {"exception":"[object] (Illuminate\\Database\\QueryException(code: 42S01): SQLSTATE[42S01]: [Microsoft][ODBC Driver 13 for SQL Server][SQL Server]There is already an object named 'settings' in the database. (SQL: create table \"settings\" (\"id\" bigint identity primary key not null, \"key\" nvarchar(255) not null, \"value\" nvarchar(255) not null, \"created_at\" datetime null, \"updated_at\" datetime null)) at C:\\Developer Destination\\Applications\\DoIT-DataEmporium\\vendor\\laravel\\framework\\src\\Illuminate\\Database\\Connection.php:669)
[stacktrace]
#0 C:\\Developer Destination\\Applications\\DoIT-DataEmporium\\vendor\\laravel\\framework\\src\\Illuminate\\Database\\Connection.php(629): Illuminate\\Database\\Connection->runQueryCallback('create table \"s...', Array, Object(Closure))
#1 C:\\Developer Destination\\Applications\\DoIT-DataEmporium\\vendor\\laravel\\framework\\src\\Illuminate\\Database\\Connection.php(464): Illuminate\\Database\\Connection->run('create table \"s...', Array, Object(Closure))
#2 C:\\Developer Destination\\Applications\\DoIT-DataEmporium\\vendor\\laravel\\framework\\src\\Illuminate\\Database\\Schema\\Blueprint.php(97): Illuminate\\Database\\Connection->statement('create table \"s...')
#3 C:\\Developer Destination\\Applications\\DoIT-DataEmporium\\vendor\\laravel\\framework\\src\\Illuminate\\Database\\Schema\\Builder.php(290): Illuminate\\Database\\Schema\\Blueprint->build(Object(Illuminate\\Database\\SqlServerConnection), Object(Illuminate\\Database\\Schema\\Grammars\\SqlServerGrammar))
#4 C:\\Developer Destination\\Applications\\DoIT-DataEmporium\\vendor\\laravel\\framework\\src\\Illuminate\\Database\\Schema\\Builder.php(167): Illuminate\\Database\\Schema\\Builder->build(Object(Illuminate\\Database\\Schema\\Blueprint))
#5 C:\\Developer Destination\\Applications\\DoIT-DataEmporium\\vendor\\laravel\\framework\\src\\Illuminate\\Support\\Facades\\Facade.php(261): Illuminate\\Database\\Schema\\Builder->create('settings', Object(Closure))
#6 C:\\Developer Destination\\Applications\\DoIT-DataEmporium\\database\\migrations\\2020_06_16_124601_create_settings_table.php(21): Illuminate\\Support\\Facades\\Facade::__callStatic('create', Array)
#7 C:\\Developer Destination\\Applications\\DoIT-DataEmporium\\vendor\\laravel\\framework\\src\\Illuminate\\Database\\Migrations\\Migrator.php(392): CreateSettingsTable->up()
#8 C:\\Developer Destination\\Applications\\DoIT-DataEmporium\\vendor\\laravel\\framework\\src\\Illuminate\\Database\\Concerns\\ManagesTransactions.php(29): Illuminate\\Database\\Migrations\\Migrator->Illuminate\\Database\\Migrations\\{closure}(Object(Illuminate\\Database\\SqlServerConnection))
#9 C:\\Developer Destination\\Applications\\DoIT-DataEmporium\\vendor\\laravel\\framework\\src\\Illuminate\\Database\\SqlServerConnection.php(29): Illuminate\\Database\\Connection->transaction(Object(Closure))
#10 C:\\Developer Destination\\Applications\\DoIT-DataEmporium\\vendor\\laravel\\framework\\src\\Illuminate\\Database\\Migrations\\Migrator.php(400): Illuminate\\Database\\SqlServerConnection->transaction(Object(Closure))
#11 C:\\Developer Destination\\Applications\\DoIT-DataEmporium\\vendor\\laravel\\framework\\src\\Illuminate\\Database\\Migrations\\Migrator.php(200): Illuminate\\Database\\Migrations\\Migrator->runMigration(Object(CreateSettingsTable), 'up')
#12 C:\\Developer Destination\\Applications\\DoIT-DataEmporium\\vendor\\laravel\\framework\\src\\Illuminate\\Database\\Migrations\\Migrator.php(165): Illuminate\\Database\\Migrations\\Migrator->runUp('C:\\\\Developer De...', 1, false)
#13 C:\\Developer Destination\\Applications\\DoIT-DataEmporium\\vendor\\laravel\\framework\\src\\Illuminate\\Database\\Migrations\\Migrator.php(110): Illuminate\\Database\\Migrations\\Migrator->runPending(Array, Array)
#14 C:\\Developer Destination\\Applications\\DoIT-DataEmporium\\vendor\\laravel\\framework\\src\\Illuminate\\Database\\Console\\Migrations\\MigrateCommand.php(71): Illuminate\\Database\\Migrations\\Migrator->run(Array, Array)
#15 [internal function]: Illuminate\\Database\\Console\\Migrations\\MigrateCommand->handle()
#16 C:\\Developer Destination\\Applications\\DoIT-DataEmporium\\vendor\\laravel\\framework\\src\\Illuminate\\Container\\BoundMethod.php(32): call_user_func_array(Array, Array)
#17 C:\\Developer Destination\\Applications\\DoIT-DataEmporium\\vendor\\laravel\\framework\\src\\Illuminate\\Container\\Util.php(37): Illuminate\\Container\\BoundMethod::Illuminate\\Container\\{closure}()
#18 C:\\Developer Destination\\Applications\\DoIT-DataEmporium\\vendor\\laravel\\framework\\src\\Illuminate\\Container\\BoundMethod.php(90): Illuminate\\Container\\Util::unwrapIfClosure(Object(Closure))
#19 C:\\Developer Destination\\Applications\\DoIT-DataEmporium\\vendor\\laravel\\framework\\src\\Illuminate\\Container\\BoundMethod.php(34): Illuminate\\Container\\BoundMethod::callBoundMethod(Object(Illuminate\\Foundation\\Application), Array, Object(Closure))
#20 C:\\Developer Destination\\Applications\\DoIT-DataEmporium\\vendor\\laravel\\framework\\src\\Illuminate\\Container\\Container.php(590): Illuminate\\Container\\BoundMethod::call(Object(Illuminate\\Foundation\\Application), Array, Array, NULL)
#21 C:\\Developer Destination\\Applications\\DoIT-DataEmporium\\vendor\\laravel\\framework\\src\\Illuminate\\Console\\Command.php(134): Illuminate\\Container\\Container->call(Array)
#22 C:\\Developer Destination\\Applications\\DoIT-DataEmporium\\vendor\\symfony\\console\\Command\\Command.php(255): Illuminate\\Console\\Command->execute(Object(Symfony\\Component\\Console\\Input\\ArgvInput), Object(Illuminate\\Console\\OutputStyle))
#23 C:\\Developer Destination\\Applications\\DoIT-DataEmporium\\vendor\\laravel\\framework\\src\\Illuminate\\Console\\Command.php(121): Symfony\\Component\\Console\\Command\\Command->run(Object(Symfony\\Component\\Console\\Input\\ArgvInput), Object(Illuminate\\Console\\OutputStyle))
#24 C:\\Developer Destination\\Applications\\DoIT-DataEmporium\\vendor\\symfony\\console\\Application.php(1000): Illuminate\\Console\\Command->run(Object(Symfony\\Component\\Console\\Input\\ArgvInput), Object(Symfony\\Component\\Console\\Output\\ConsoleOutput))
#25 C:\\Developer Destination\\Applications\\DoIT-DataEmporium\\vendor\\symfony\\console\\Application.php(271): Symfony\\Component\\Console\\Application->doRunCommand(Object(Illuminate\\Database\\Console\\Migrations\\MigrateCommand), Object(Symfony\\Component\\Console\\Input\\ArgvInput), Object(Symfony\\Component\\Console\\Output\\ConsoleOutput))
#26 C:\\Developer Destination\\Applications\\DoIT-DataEmporium\\vendor\\symfony\\console\\Application.php(147): Symfony\\Component\\Console\\Application->doRun(Object(Symfony\\Component\\Console\\Input\\ArgvInput), Object(Symfony\\Component\\Console\\Output\\ConsoleOutput))
#27 C:\\Developer Destination\\Applications\\DoIT-DataEmporium\\vendor\\laravel\\framework\\src\\Illuminate\\Console\\Application.php(93): Symfony\\Component\\Console\\Application->run(Object(Symfony\\Component\\Console\\Input\\ArgvInput), Object(Symfony\\Component\\Console\\Output\\ConsoleOutput))
#28 C:\\Developer Destination\\Applications\\DoIT-DataEmporium\\vendor\\laravel\\framework\\src\\Illuminate\\Foundation\\Console\\Kernel.php(131): Illuminate\\Console\\Application->run(Object(Symfony\\Component\\Console\\Input\\ArgvInput), Object(Symfony\\Component\\Console\\Output\\ConsoleOutput))
#29 C:\\Developer Destination\\Applications\\DoIT-DataEmporium\\artisan(37): Illuminate\\Foundation\\Console\\Kernel->handle(Object(Symfony\\Component\\Console\\Input\\ArgvInput), Object(Symfony\\Component\\Console\\Output\\ConsoleOutput))
#30 {main}

[previous exception] [object] (PDOException(code: 42S01): SQLSTATE[42S01]: [Microsoft][ODBC Driver 13 for SQL Server][SQL Server]There is already an object named 'settings' in the database. at C:\\Developer Destination\\Applications\\DoIT-DataEmporium\\vendor\\laravel\\framework\\src\\Illuminate\\Database\\Connection.php:463)
[stacktrace]
#0 C:\\Developer Destination\\Applications\\DoIT-DataEmporium\\vendor\\laravel\\framework\\src\\Illuminate\\Database\\Connection.php(463): PDOStatement->execute()
#1 C:\\Developer Destination\\Applications\\DoIT-DataEmporium\\vendor\\laravel\\framework\\src\\Illuminate\\Database\\Connection.php(662): Illuminate\\Database\\Connection->Illuminate\\Database\\{closure}('create table \"s...', Array)
#2 C:\\Developer Destination\\Applications\\DoIT-DataEmporium\\vendor\\laravel\\framework\\src\\Illuminate\\Database\\Connection.php(629): Illuminate\\Database\\Connection->runQueryCallback('create table \"s...', Array, Object(Closure))
#3 C:\\Developer Destination\\Applications\\DoIT-DataEmporium\\vendor\\laravel\\framework\\src\\Illuminate\\Database\\Connection.php(464): Illuminate\\Database\\Connection->run('create table \"s...', Array, Object(Closure))
#4 C:\\Developer Destination\\Applications\\DoIT-DataEmporium\\vendor\\laravel\\framework\\src\\Illuminate\\Database\\Schema\\Blueprint.php(97): Illuminate\\Database\\Connection->statement('create table \"s...')
#5 C:\\Developer Destination\\Applications\\DoIT-DataEmporium\\vendor\\laravel\\framework\\src\\Illuminate\\Database\\Schema\\Builder.php(290): Illuminate\\Database\\Schema\\Blueprint->build(Object(Illuminate\\Database\\SqlServerConnection), Object(Illuminate\\Database\\Schema\\Grammars\\SqlServerGrammar))
#6 C:\\Developer Destination\\Applications\\DoIT-DataEmporium\\vendor\\laravel\\framework\\src\\Illuminate\\Database\\Schema\\Builder.php(167): Illuminate\\Database\\Schema\\Builder->build(Object(Illuminate\\Database\\Schema\\Blueprint))
#7 C:\\Developer Destination\\Applications\\DoIT-DataEmporium\\vendor\\laravel\\framework\\src\\Illuminate\\Support\\Facades\\Facade.php(261): Illuminate\\Database\\Schema\\Builder->create('settings', Object(Closure))
#8 C:\\Developer Destination\\Applications\\DoIT-DataEmporium\\database\\migrations\\2020_06_16_124601_create_settings_table.php(21): Illuminate\\Support\\Facades\\Facade::__callStatic('create', Array)
#9 C:\\Developer Destination\\Applications\\DoIT-DataEmporium\\vendor\\laravel\\framework\\src\\Illuminate\\Database\\Migrations\\Migrator.php(392): CreateSettingsTable->up()
#10 C:\\Developer Destination\\Applications\\DoIT-DataEmporium\\vendor\\laravel\\framework\\src\\Illuminate\\Database\\Concerns\\ManagesTransactions.php(29): Illuminate\\Database\\Migrations\\Migrator->Illuminate\\Database\\Migrations\\{closure}(Object(Illuminate\\Database\\SqlServerConnection))
#11 C:\\Developer Destination\\Applications\\DoIT-DataEmporium\\vendor\\laravel\\framework\\src\\Illuminate\\Database\\SqlServerConnection.php(29): Illuminate\\Database\\Connection->transaction(Object(Closure))
#12 C:\\Developer Destination\\Applications\\DoIT-DataEmporium\\vendor\\laravel\\framework\\src\\Illuminate\\Database\\Migrations\\Migrator.php(400): Illuminate\\Database\\SqlServerConnection->transaction(Object(Closure))
#13 C:\\Developer Destination\\Applications\\DoIT-DataEmporium\\vendor\\laravel\\framework\\src\\Illuminate\\Database\\Migrations\\Migrator.php(200): Illuminate\\Database\\Migrations\\Migrator->runMigration(Object(CreateSettingsTable), 'up')
#14 C:\\Developer Destination\\Applications\\DoIT-DataEmporium\\vendor\\laravel\\framework\\src\\Illuminate\\Database\\Migrations\\Migrator.php(165): Illuminate\\Database\\Migrations\\Migrator->runUp('C:\\\\Developer De...', 1, false)
#15 C:\\Developer Destination\\Applications\\DoIT-DataEmporium\\vendor\\laravel\\framework\\src\\Illuminate\\Database\\Migrations\\Migrator.php(110): Illuminate\\Database\\Migrations\\Migrator->runPending(Array, Array)
#16 C:\\Developer Destination\\Applications\\DoIT-DataEmporium\\vendor\\laravel\\framework\\src\\Illuminate\\Database\\Console\\Migrations\\MigrateCommand.php(71): Illuminate\\Database\\Migrations\\Migrator->run(Array, Array)
#17 [internal function]: Illuminate\\Database\\Console\\Migrations\\MigrateCommand->handle()
#18 C:\\Developer Destination\\Applications\\DoIT-DataEmporium\\vendor\\laravel\\framework\\src\\Illuminate\\Container\\BoundMethod.php(32): call_user_func_array(Array, Array)
#19 C:\\Developer Destination\\Applications\\DoIT-DataEmporium\\vendor\\laravel\\framework\\src\\Illuminate\\Container\\Util.php(37): Illuminate\\Container\\BoundMethod::Illuminate\\Container\\{closure}()
#20 C:\\Developer Destination\\Applications\\DoIT-DataEmporium\\vendor\\laravel\\framework\\src\\Illuminate\\Container\\BoundMethod.php(90): Illuminate\\Container\\Util::unwrapIfClosure(Object(Closure))
#21 C:\\Developer Destination\\Applications\\DoIT-DataEmporium\\vendor\\laravel\\framework\\src\\Illuminate\\Container\\BoundMethod.php(34): Illuminate\\Container\\BoundMethod::callBoundMethod(Object(Illuminate\\Foundation\\Application), Array, Object(Closure))
#22 C:\\Developer Destination\\Applications\\DoIT-DataEmporium\\vendor\\laravel\\framework\\src\\Illuminate\\Container\\Container.php(590): Illuminate\\Container\\BoundMethod::call(Object(Illuminate\\Foundation\\Application), Array, Array, NULL)
#23 C:\\Developer Destination\\Applications\\DoIT-DataEmporium\\vendor\\laravel\\framework\\src\\Illuminate\\Console\\Command.php(134): Illuminate\\Container\\Container->call(Array)
#24 C:\\Developer Destination\\Applications\\DoIT-DataEmporium\\vendor\\symfony\\console\\Command\\Command.php(255): Illuminate\\Console\\Command->execute(Object(Symfony\\Component\\Console\\Input\\ArgvInput), Object(Illuminate\\Console\\OutputStyle))
#25 C:\\Developer Destination\\Applications\\DoIT-DataEmporium\\vendor\\laravel\\framework\\src\\Illuminate\\Console\\Command.php(121): Symfony\\Component\\Console\\Command\\Command->run(Object(Symfony\\Component\\Console\\Input\\ArgvInput), Object(Illuminate\\Console\\OutputStyle))
#26 C:\\Developer Destination\\Applications\\DoIT-DataEmporium\\vendor\\symfony\\console\\Application.php(1000): Illuminate\\Console\\Command->run(Object(Symfony\\Component\\Console\\Input\\ArgvInput), Object(Symfony\\Component\\Console\\Output\\ConsoleOutput))
#27 C:\\Developer Destination\\Applications\\DoIT-DataEmporium\\vendor\\symfony\\console\\Application.php(271): Symfony\\Component\\Console\\Application->doRunCommand(Object(Illuminate\\Database\\Console\\Migrations\\MigrateCommand), Object(Symfony\\Component\\Console\\Input\\ArgvInput), Object(Symfony\\Component\\Console\\Output\\ConsoleOutput))
#28 C:\\Developer Destination\\Applications\\DoIT-DataEmporium\\vendor\\symfony\\console\\Application.php(147): Symfony\\Component\\Console\\Application->doRun(Object(Symfony\\Component\\Console\\Input\\ArgvInput), Object(Symfony\\Component\\Console\\Output\\ConsoleOutput))
#29 C:\\Developer Destination\\Applications\\DoIT-DataEmporium\\vendor\\laravel\\framework\\src\\Illuminate\\Console\\Application.php(93): Symfony\\Component\\Console\\Application->run(Object(Symfony\\Component\\Console\\Input\\ArgvInput), Object(Symfony\\Component\\Console\\Output\\ConsoleOutput))
#30 C:\\Developer Destination\\Applications\\DoIT-DataEmporium\\vendor\\laravel\\framework\\src\\Illuminate\\Foundation\\Console\\Kernel.php(131): Illuminate\\Console\\Application->run(Object(Symfony\\Component\\Console\\Input\\ArgvInput), Object(Symfony\\Component\\Console\\Output\\ConsoleOutput))
#31 C:\\Developer Destination\\Applications\\DoIT-DataEmporium\\artisan(37): Illuminate\\Foundation\\Console\\Kernel->handle(Object(Symfony\\Component\\Console\\Input\\ArgvInput), Object(Symfony\\Component\\Console\\Output\\ConsoleOutput))
#32 {main}
"} 
